Fitter report for RUN
Sun Jan 06 19:54:47 2019
Quartus II Version 9.0 Build 235 06/17/2009 Service Pack 2 SJ Web Edition


---------------------
; Table of Contents ;
---------------------
  1. Legal Notice
  2. Fitter Summary
  3. Fitter Settings
  4. Parallel Compilation
  5. Fitter Device Options
  6. Input Pins
  7. Output Pins
  8. All Package Pins
  9. Control Signals
 10. Global & Other Fast Signals
 11. Carry Chains
 12. Cascade Chains
 13. Non-Global High Fan-Out Signals
 14. Local Routing Interconnect
 15. MegaLAB Interconnect
 16. LAB External Interconnect
 17. MegaLAB Usage Summary
 18. Row Interconnect
 19. LAB Column Interconnect
 20. LAB Column Interconnect
 21. Fitter Resource Usage Summary
 22. Fitter Resource Utilization by Entity
 23. Delay Chain Summary
 24. I/O Bank Usage
 25. Pin-Out File
 26. Fitter Messages



----------------
; Legal Notice ;
----------------
Copyright (C) 1991-2009 Altera Corporation
Your use of Altera Corporation's design tools, logic functions 
and other software and tools, and its AMPP partner logic 
functions, and any output files from any of the foregoing 
(including device programming or simulation files), and any 
associated documentation or information are expressly subject 
to the terms and conditions of the Altera Program License 
Subscription Agreement, Altera MegaCore Function License 
Agreement, or other applicable license agreement, including, 
without limitation, that your use is for the sole purpose of 
programming logic devices manufactured by Altera and sold by 
Altera or its authorized distributors.  Please refer to the 
applicable agreement for further details.



+----------------------------------------------------------------------+
; Fitter Summary                                                       ;
+-----------------------+----------------------------------------------+
; Fitter Status         ; Successful - Sun Jan 06 19:54:47 2019        ;
; Quartus II Version    ; 9.0 Build 235 06/17/2009 SP 2 SJ Web Edition ;
; Revision Name         ; RUN                                          ;
; Top-level Entity Name ; RUN                                          ;
; Family                ; APEX II                                      ;
; Device                ; EP2A15B724C7                                 ;
; Timing Models         ; Final                                        ;
; Total logic elements  ; 20 / 16,640 ( < 1 % )                        ;
; Total pins            ; 5 / 492 ( 1 % )                              ;
; Total virtual pins    ; 0                                            ;
; Total memory bits     ; 0 / 425,984 ( 0 % )                          ;
; Total PLLs            ; 0 / 4 ( 0 % )                                ;
+-----------------------+----------------------------------------------+


+------------------------------------------------------------------------------------------------+
; Fitter Settings                                                                                ;
+------------------------------------------------------+--------------------+--------------------+
; Option                                               ; Setting            ; Default Value      ;
+------------------------------------------------------+--------------------+--------------------+
; Device                                               ; AUTO               ;                    ;
; Use smart compilation                                ; Off                ; Off                ;
; Use TimeQuest Timing Analyzer                        ; Off                ; Off                ;
; Router Timing Optimization Level                     ; Normal             ; Normal             ;
; Placement Effort Multiplier                          ; 1.0                ; 1.0                ;
; Router Effort Multiplier                             ; 1.0                ; 1.0                ;
; Optimize Timing                                      ; Normal compilation ; Normal compilation ;
; Optimize Timing for ECOs                             ; Off                ; Off                ;
; Regenerate full fit report during ECO compiles       ; Off                ; Off                ;
; Optimize IOC Register Placement for Timing           ; On                 ; On                 ;
; Limit to One Fitting Attempt                         ; Off                ; Off                ;
; Final Placement Optimizations                        ; Automatically      ; Automatically      ;
; Fitter Aggressive Routability Optimizations          ; Automatically      ; Automatically      ;
; Fitter Initial Placement Seed                        ; 1                  ; 1                  ;
; Slow Slew Rate                                       ; Off                ; Off                ;
; PCI I/O                                              ; Off                ; Off                ;
; Turbo Bit                                            ; On                 ; On                 ;
; Weak Pull-Up Resistor                                ; Off                ; Off                ;
; Enable Bus-Hold Circuitry                            ; Off                ; Off                ;
; Auto Global Memory Control Signals                   ; Off                ; Off                ;
; Fitter Effort                                        ; Auto Fit           ; Auto Fit           ;
; Auto Global Clock                                    ; On                 ; On                 ;
; Auto Global Output Enable                            ; On                 ; On                 ;
; Auto Global Register Control Signals                 ; On                 ; On                 ;
; Force Fitter to Avoid Periphery Placement Warnings   ; Off                ; Off                ;
; SignalProbe signals routed during normal compilation ; Off                ; Off                ;
+------------------------------------------------------+--------------------+--------------------+


Parallel compilation was disabled, but you have multiple processors available. Enable parallel compilation to reduce compilation time.
+-------------------------------------+
; Parallel Compilation                ;
+----------------------------+--------+
; Processors                 ; Number ;
+----------------------------+--------+
; Number detected on machine ; 2      ;
; Maximum allowed            ; 1      ;
+----------------------------+--------+


+-------------------------------------------------------------------------+
; Fitter Device Options                                                   ;
+----------------------------------------------+--------------------------+
; Option                                       ; Setting                  ;
+----------------------------------------------+--------------------------+
; Enable user-supplied start-up clock (CLKUSR) ; Off                      ;
; Enable device-wide reset (DEV_CLRn)          ; Off                      ;
; Enable device-wide output enable (DEV_OE)    ; Off                      ;
; Enable INIT_DONE output                      ; Off                      ;
; Configuration scheme                         ; Passive Serial           ;
; nWS, nRS, nCS, CS                            ; Unreserved               ;
; RDYnBUSY                                     ; Unreserved               ;
; Data[7..1]                                   ; Unreserved               ;
; Reserve all unused pins                      ; As output driving ground ;
; Base pin-out file on sameframe device        ; Off                      ;
+----------------------------------------------+--------------------------+


+----------------------------------------------------------------------------------------------------------------------------------------------------------------------------------------------------------------------------------------------------+
; Input Pins                                                                                                                                                                                                                                         ;
+-------+-------+-------------+--------------+------+---------+--------+----------------+-------------------------+---------------+----------------+-----------------+---------------+----------------------+--------------+--------------+----------+
; Name  ; Pin # ; MegaLAB Row ; MegaLAB Col. ; Col. ; Fan-Out ; Global ; Input Register ; Use Local Routing Input ; Power Up High ; Slow Slew Rate ; PCI I/O Enabled ; Single-Pin CE ; FastRow Interconnect ; I/O Standard ; Weak Pull Up ; Bus Hold ;
+-------+-------+-------------+--------------+------+---------+--------+----------------+-------------------------+---------------+----------------+-----------------+---------------+----------------------+--------------+--------------+----------+
; EN2   ; AB16  ; --          ; 2            ; 8    ; 2       ; no     ; no             ; no                      ; no            ; no             ; no              ; no            ; no                   ; 3.3-V LVTTL  ; Off          ; no       ;
; start ; AA17  ; --          ; 2            ; 15   ; 2       ; no     ; no             ; no                      ; no            ; no             ; no              ; no            ; no                   ; 3.3-V LVTTL  ; Off          ; no       ;
; EN    ; AB18  ; --          ; 2            ; 12   ; 2       ; no     ; no             ; no                      ; no            ; no             ; no              ; no            ; no                   ; 3.3-V LVTTL  ; Off          ; no       ;
; wheel ; R25   ; --          ; --           ; --   ; 9       ; yes    ; no             ; no                      ; no            ; no             ; no              ; no            ; no                   ; 3.3-V LVTTL  ; Off          ; no       ;
+-------+-------+-------------+--------------+------+---------+--------+----------------+-------------------------+---------------+----------------+-----------------+---------------+----------------------+--------------+--------------+----------+


+-----------------------------------------------------------------------------------------------------------------------------------------------------------------------------------------------------------------------------------------------------------------------------------------------------+
; Output Pins                                                                                                                                                                                                                                                                                         ;
+-------+-------+-------------+--------------+------+-----------------+------------------------+--------------------------+---------------+----------------+-----------------+---------------+---------------+------------+---------------+--------------+------------------+--------------+----------+
; Name  ; Pin # ; MegaLAB Row ; MegaLAB Col. ; Col. ; Output Register ; Output Enable Register ; Use Local Routing Output ; Power Up High ; Slow Slew Rate ; PCI I/O Enabled ; Single-Pin OE ; Single-Pin CE ; Open Drain ; TRI Primitive ; I/O Standard ; Current Strength ; Weak Pull Up ; Bus Hold ;
+-------+-------+-------------+--------------+------+-----------------+------------------------+--------------------------+---------------+----------------+-----------------+---------------+---------------+------------+---------------+--------------+------------------+--------------+----------+
; pulse ; R21   ;  N          ; --           ; --   ; no              ; no                     ; no                       ; no            ; no             ; no              ; no            ; no            ; no         ; no            ; 3.3-V LVTTL  ; 24mA             ; Off          ; no       ;
+-------+-------+-------------+--------------+------+-----------------+------------------------+--------------------------+---------------+----------------+-----------------+---------------+---------------+------------+---------------+--------------+------------------+--------------+----------+


+------------------------------------+
; All Package Pins                   ;
+-------+-------------+--------------+
; Pin # ; Usage       ; I/O Standard ;
+-------+-------------+--------------+
; A1    ; GND         ;              ;
; A2    ; VCC_IO      ;              ;
; A3    ; GND*        ;              ;
; A4    ; GND*        ;              ;
; A5    ; GND*        ;              ;
; A6    ; GND*        ;              ;
; A7    ; GND*        ;              ;
; A8    ; GND*        ;              ;
; A9    ; GND*        ;              ;
; A10   ; GND         ;              ;
; A11   ; GND*        ;              ;
; A12   ; GND*        ;              ;
; A13   ; GND*        ;              ;
; A14   ; GND*        ;              ;
; A15   ; GND*        ;              ;
; A16   ; GND*        ;              ;
; A17   ; GND*        ;              ;
; A18   ; GND         ;              ;
; A19   ; GND*        ;              ;
; A20   ; GND*        ;              ;
; A21   ; GND*        ;              ;
; A22   ; GND*        ;              ;
; A23   ; GND*        ;              ;
; A24   ; GND*        ;              ;
; A25   ; GND*        ;              ;
; A26   ; VCC_IO      ;              ;
; A27   ; GND         ;              ;
; B1    ; VCC_IO      ;              ;
; B2    ; GND         ;              ;
; B3    ; GND*        ;              ;
; B4    ; GND*        ;              ;
; B5    ; GND*        ;              ;
; B6    ; GND*        ;              ;
; B7    ; GND*        ;              ;
; B8    ; GND*        ;              ;
; B9    ; GND*        ;              ;
; B10   ; VCC_IO      ;              ;
; B11   ; GND*        ;              ;
; B12   ; GND*        ;              ;
; B13   ; GND*        ;              ;
; B14   ; GND*        ;              ;
; B15   ; GND*        ;              ;
; B16   ; GND*        ;              ;
; B17   ; GND*        ;              ;
; B18   ; VCC_IO      ;              ;
; B19   ; GND*        ;              ;
; B20   ; GND*        ;              ;
; B21   ; GND*        ;              ;
; B22   ; GND*        ;              ;
; B23   ; GND*        ;              ;
; B24   ; GND*        ;              ;
; B25   ; GND*        ;              ;
; B26   ; GND         ;              ;
; B27   ; VCC_IO      ;              ;
; C1    ; GND*        ;              ;
; C2    ; GND*        ;              ;
; C3    ; GND*        ;              ;
; C4    ; GND*        ;              ;
; C5    ; GND*        ;              ;
; C6    ; GND*        ;              ;
; C7    ; GND*        ;              ;
; C8    ; GND*        ;              ;
; C9    ; GND*        ;              ;
; C10   ; GND*        ;              ;
; C11   ; GND*        ;              ;
; C12   ; GND*        ;              ;
; C13   ; GND*        ;              ;
; C14   ; GND*        ;              ;
; C15   ; GND*        ;              ;
; C16   ; GND*        ;              ;
; C17   ; GND*        ;              ;
; C18   ; GND*        ;              ;
; C19   ; GND*        ;              ;
; C20   ; GND*        ;              ;
; C21   ; GND*        ;              ;
; C22   ; GND*        ;              ;
; C23   ; GND*        ;              ;
; C24   ; GND*        ;              ;
; C25   ; GND*        ;              ;
; C26   ; GND*        ;              ;
; C27   ; GND*        ;              ;
; D1    ; GND*        ;              ;
; D2    ; GND*        ;              ;
; D3    ; GND*        ;              ;
; D4    ; GND*        ;              ;
; D5    ; GND*        ;              ;
; D6    ; GND*        ;              ;
; D7    ; GND*        ;              ;
; D8    ; GND*        ;              ;
; D9    ; GND*        ;              ;
; D10   ; GND*        ;              ;
; D11   ; GND*        ;              ;
; D12   ; GND*        ;              ;
; D13   ; GND*        ;              ;
; D14   ; GND*        ;              ;
; D15   ; GND*        ;              ;
; D16   ; GND*        ;              ;
; D17   ; GND*        ;              ;
; D18   ; GND*        ;              ;
; D19   ; GND*        ;              ;
; D20   ; GND*        ;              ;
; D21   ; GND*        ;              ;
; D22   ; GND*        ;              ;
; D23   ; GND*        ;              ;
; D24   ; GND*        ;              ;
; D25   ; GND*        ;              ;
; D26   ; GND*        ;              ;
; D27   ; GND*        ;              ;
; E1    ; GND*        ;              ;
; E2    ; GND*        ;              ;
; E3    ; GND*        ;              ;
; E4    ; GND*        ;              ;
; E5    ; GND         ;              ;
; E6    ; GND*        ;              ;
; E7    ; GND*        ;              ;
; E8    ; GND*        ;              ;
; E9    ; GND*        ;              ;
; E10   ; GND*        ;              ;
; E11   ; GND*        ;              ;
; E12   ; GND*        ;              ;
; E13   ; GND*        ;              ;
; E14   ; GND+        ;              ;
; E15   ; GND*        ;              ;
; E16   ; GND*        ;              ;
; E17   ; GND*        ;              ;
; E18   ; GND*        ;              ;
; E19   ; GND*        ;              ;
; E20   ; GND*        ;              ;
; E21   ; GND*        ;              ;
; E22   ; GND*        ;              ;
; E23   ; GND         ;              ;
; E24   ; GND*        ;              ;
; E25   ; GND*        ;              ;
; E26   ; GND*        ;              ;
; E27   ; GND*        ;              ;
; F1    ; GND*        ;              ;
; F2    ; GND*        ;              ;
; F3    ; GND*        ;              ;
; F4    ; GND*        ;              ;
; F5    ; NC          ;              ;
; F6    ; GND*        ;              ;
; F7    ; GND*        ;              ;
; F8    ; GND*        ;              ;
; F9    ; GND*        ;              ;
; F10   ; GND*        ;              ;
; F11   ; GND*        ;              ;
; F12   ; GND*        ;              ;
; F13   ; GND*        ;              ;
; F14   ; #TDO        ;              ;
; F15   ; GND*        ;              ;
; F16   ; GND*        ;              ;
; F17   ; GND*        ;              ;
; F18   ; GND*        ;              ;
; F19   ; GND*        ;              ;
; F20   ; GND*        ;              ;
; F21   ; GND*        ;              ;
; F22   ; GND*        ;              ;
; F23   ; NC          ;              ;
; F24   ; GND*        ;              ;
; F25   ; GND*        ;              ;
; F26   ; GND*        ;              ;
; F27   ; GND*        ;              ;
; G1    ; GND*        ;              ;
; G2    ; GND*        ;              ;
; G3    ; GND*        ;              ;
; G4    ; GND*        ;              ;
; G5    ; NC          ;              ;
; G6    ; NC          ;              ;
; G7    ; GND         ;              ;
; G8    ; NC          ;              ;
; G9    ; NC          ;              ;
; G10   ; NC          ;              ;
; G11   ; GND*        ;              ;
; G12   ; GND*        ;              ;
; G13   ; ^nCEO       ;              ;
; G14   ; GND         ;              ;
; G15   ; GND         ;              ;
; G16   ; GND*        ;              ;
; G17   ; GND*        ;              ;
; G18   ; NC          ;              ;
; G19   ; NC          ;              ;
; G20   ; NC          ;              ;
; G21   ; GND         ;              ;
; G22   ; NC          ;              ;
; G23   ; NC          ;              ;
; G24   ; GND*        ;              ;
; G25   ; GND*        ;              ;
; G26   ; GND*        ;              ;
; G27   ; GND*        ;              ;
; H1    ; GND*        ;              ;
; H2    ; GND*        ;              ;
; H3    ; GND*        ;              ;
; H4    ; GND*        ;              ;
; H5    ; NC          ;              ;
; H6    ; NC          ;              ;
; H7    ; NC          ;              ;
; H8    ; VCC_IO      ;              ;
; H9    ; NC          ;              ;
; H10   ; NC          ;              ;
; H11   ; ^VREFC2     ;              ;
; H12   ; GND*        ;              ;
; H13   ; #TRST       ;              ;
; H14   ; GND+        ;              ;
; H15   ; GND*        ;              ;
; H16   ; GND*        ;              ;
; H17   ; ^VREFC1     ;              ;
; H18   ; NC          ;              ;
; H19   ; NC          ;              ;
; H20   ; VCC_IO      ;              ;
; H21   ; NC          ;              ;
; H22   ; NC          ;              ;
; H23   ; NC          ;              ;
; H24   ; GND*        ;              ;
; H25   ; GND*        ;              ;
; H26   ; GND*        ;              ;
; H27   ; GND*        ;              ;
; J1    ; GND*        ;              ;
; J2    ; GND*        ;              ;
; J3    ; GND*        ;              ;
; J4    ; GND*        ;              ;
; J5    ; GND*        ;              ;
; J6    ; GND*        ;              ;
; J7    ; GND*        ;              ;
; J8    ; GND*        ;              ;
; J9    ; GND         ;              ;
; J10   ; VCC_INT     ;              ;
; J11   ; GND         ;              ;
; J12   ; VCC_INT     ;              ;
; J13   ; VCC_IO      ;              ;
; J14   ; GND         ;              ;
; J15   ; VCC_IO      ;              ;
; J16   ; GND         ;              ;
; J17   ; GND         ;              ;
; J18   ; VCC_INT     ;              ;
; J19   ; GND         ;              ;
; J20   ; GND*        ;              ;
; J21   ; GND*        ;              ;
; J22   ; NC          ;              ;
; J23   ; NC          ;              ;
; J24   ; GND*        ;              ;
; J25   ; GND*        ;              ;
; J26   ; GND*        ;              ;
; J27   ; GND*        ;              ;
; K1    ; GND         ;              ;
; K2    ; VCC_IO      ;              ;
; K3    ; GND*        ;              ;
; K4    ; GND*        ;              ;
; K5    ; GND         ;              ;
; K6    ; GND*        ;              ;
; K7    ; GND*        ;              ;
; K8    ; GND*        ;              ;
; K9    ; GND*        ;              ;
; K10   ; VCC_IO      ;              ;
; K11   ; VCC_INT     ;              ;
; K12   ; GND         ;              ;
; K13   ; VCC_INT     ;              ;
; K14   ; GND         ;              ;
; K15   ; VCC_INT     ;              ;
; K16   ; GND         ;              ;
; K17   ; VCC_INT     ;              ;
; K18   ; VCC_IO      ;              ;
; K19   ; GND*        ;              ;
; K20   ; GND*        ;              ;
; K21   ; GND*        ;              ;
; K22   ; GND*        ;              ;
; K23   ; GND         ;              ;
; K24   ; GND*        ;              ;
; K25   ; GND*        ;              ;
; K26   ; VCC_IO      ;              ;
; K27   ; GND         ;              ;
; L1    ; GND*        ;              ;
; L2    ; GND*        ;              ;
; L3    ; GND*        ;              ;
; L4    ; GND*        ;              ;
; L5    ; GND*        ;              ;
; L6    ; GND*        ;              ;
; L7    ; GND*        ;              ;
; L8    ; GND*        ;              ;
; L9    ; GND*        ;              ;
; L10   ; GND*        ;              ;
; L11   ; VCC_INT     ;              ;
; L12   ; GND         ;              ;
; L13   ; VCC_INT     ;              ;
; L14   ; GND         ;              ;
; L15   ; VCC_INT     ;              ;
; L16   ; GND         ;              ;
; L17   ; VCC_INT     ;              ;
; L18   ; GND*        ;              ;
; L19   ; ^VREFC8     ;              ;
; L20   ; GND*        ;              ;
; L21   ; GND*        ;              ;
; L22   ; GND*        ;              ;
; L23   ; GND*        ;              ;
; L24   ; GND*        ;              ;
; L25   ; GND*        ;              ;
; L26   ; GND*        ;              ;
; L27   ; GND*        ;              ;
; M1    ; GND*        ;              ;
; M2    ; GND*        ;              ;
; M3    ; GND+        ;              ;
; M4    ; GND*        ;              ;
; M5    ; GND*        ;              ;
; M6    ; GND*        ;              ;
; M7    ; GND_CKLK5   ;              ;
; M8    ; GND*        ;              ;
; M9    ; GND*        ;              ;
; M10   ; ^VREFC3     ;              ;
; M11   ; GND         ;              ;
; M12   ; VCC_INT     ;              ;
; M13   ; GND         ;              ;
; M14   ; VCC_INT     ;              ;
; M15   ; GND         ;              ;
; M16   ; VCC_INT     ;              ;
; M17   ; GND         ;              ;
; M18   ; VCC_CKLK4   ;              ;
; M19   ; VCC_CKLK6   ;              ;
; M20   ; GND*        ;              ;
; M21   ; GND*        ;              ;
; M22   ; GND*        ;              ;
; M23   ; GND*        ;              ;
; M24   ; GND*        ;              ;
; M25   ; GND*        ;              ;
; M26   ; GND*        ;              ;
; M27   ; GND*        ;              ;
; N1    ; GND*        ;              ;
; N2    ; GND*        ;              ;
; N3    ; GND*        ;              ;
; N4    ; GND+        ;              ;
; N5    ; ^MSEL1      ;              ;
; N6    ; GND_CKOUT1  ;              ;
; N7    ; VCC_CKLK3   ;              ;
; N8    ; GND_CKLK3   ;              ;
; N9    ; GND_CKLK5   ;              ;
; N10   ; VCC_CKLK5   ;              ;
; N11   ; VCC_IO      ;              ;
; N12   ; GND         ;              ;
; N13   ; VCC_INT     ;              ;
; N15   ; VCC_INT     ;              ;
; N16   ; GND         ;              ;
; N17   ; VCC_IO      ;              ;
; N18   ; GND*        ;              ;
; N19   ; GND*        ;              ;
; N20   ; GND_CKLK4   ;              ;
; N21   ; GND_CKLK6   ;              ;
; N22   ; GND*        ;              ;
; N23   ; GND+        ;              ;
; N24   ; GND+        ;              ;
; N25   ; GND*        ;              ;
; N26   ; GND*        ;              ;
; N27   ; GND*        ;              ;
; P1    ; GND*        ;              ;
; P2    ; GND*        ;              ;
; P3    ; GND+        ;              ;
; P4    ; GND*        ;              ;
; P5    ; VCC_SEL     ;              ;
; P6    ; ^NCONFIG    ;              ;
; P7    ; GND+        ;              ;
; P8    ; GND_CKLK1   ;              ;
; P9    ; ^MSEL0      ;              ;
; P10   ; VCC_CKOUT1  ;              ;
; P11   ; GND         ;              ;
; P12   ; VCC_INT     ;              ;
; P16   ; VCC_INT     ;              ;
; P17   ; GND         ;              ;
; P18   ; ^DATA0      ;              ;
; P19   ; VCC_CKLK2   ;              ;
; P20   ; GND_CKLK2   ;              ;
; P21   ; ^DCLK       ;              ;
; P22   ; ^nIO_PULLUP ;              ;
; P23   ; GND*        ;              ;
; P24   ; GND+        ;              ;
; P25   ; GND*        ;              ;
; P26   ; GND*        ;              ;
; P27   ; GND*        ;              ;
; R1    ; GND*        ;              ;
; R2    ; GND*        ;              ;
; R3    ; GND+        ;              ;
; R4    ; GND*        ;              ;
; R5    ; GND*        ;              ;
; R6    ; GND*        ;              ;
; R7    ; GND*        ;              ;
; R8    ; GND_CKLK7   ;              ;
; R9    ; VCC_CKLK7   ;              ;
; R10   ; VCC_CKLK1   ;              ;
; R11   ; VCC_IO      ;              ;
; R12   ; GND         ;              ;
; R13   ; VCC_INT     ;              ;
; R15   ; VCC_INT     ;              ;
; R16   ; GND         ;              ;
; R17   ; VCC_IO      ;              ;
; R18   ; GND_CKOUT2  ;              ;
; R19   ; GND*        ;              ;
; R20   ; GND_CKLK8   ;              ;
; R21   ; pulse       ; 3.3-V LVTTL  ;
; R22   ; GND*        ;              ;
; R23   ; GND+        ;              ;
; R24   ; GND*        ;              ;
; R25   ; wheel       ; 3.3-V LVTTL  ;
; R26   ; GND*        ;              ;
; R27   ; GND*        ;              ;
; T1    ; GND*        ;              ;
; T2    ; GND*        ;              ;
; T3    ; GND*        ;              ;
; T4    ; GND+        ;              ;
; T5    ; GND*        ;              ;
; T6    ; VCC_CKLKA   ;              ;
; T7    ; GND*        ;              ;
; T8    ; GND*        ;              ;
; T9    ; ^VREFC4     ;              ;
; T10   ; GND_CKLK7   ;              ;
; T11   ; GND         ;              ;
; T12   ; VCC_INT     ;              ;
; T13   ; GND         ;              ;
; T14   ; VCC_INT     ;              ;
; T15   ; GND         ;              ;
; T16   ; VCC_INT     ;              ;
; T17   ; GND         ;              ;
; T18   ; VCC_CKLK8   ;              ;
; T19   ; ^VREFC7     ;              ;
; T20   ; GND*        ;              ;
; T21   ; GND*        ;              ;
; T22   ; #TDI        ;              ;
; T23   ; ^nCE        ;              ;
; T24   ; GND*        ;              ;
; T25   ; GND*        ;              ;
; T26   ; GND*        ;              ;
; T27   ; GND*        ;              ;
; U1    ; GND*        ;              ;
; U2    ; GND*        ;              ;
; U3    ; GND*        ;              ;
; U4    ; GND*        ;              ;
; U5    ; GND*        ;              ;
; U6    ; GND*        ;              ;
; U7    ; GND*        ;              ;
; U8    ; GND*        ;              ;
; U9    ; GND*        ;              ;
; U10   ; GND*        ;              ;
; U11   ; VCC_INT     ;              ;
; U12   ; GND         ;              ;
; U13   ; VCC_INT     ;              ;
; U14   ; GND         ;              ;
; U15   ; VCC_INT     ;              ;
; U16   ; GND         ;              ;
; U17   ; VCC_INT     ;              ;
; U18   ; GND*        ;              ;
; U19   ; GND*        ;              ;
; U20   ; GND*        ;              ;
; U21   ; GND*        ;              ;
; U22   ; VCC_CKLKA   ;              ;
; U23   ; VCC_CKOUT2  ;              ;
; U24   ; GND*        ;              ;
; U25   ; GND*        ;              ;
; U26   ; GND*        ;              ;
; U27   ; GND*        ;              ;
; V1    ; GND         ;              ;
; V2    ; VCC_IO      ;              ;
; V3    ; GND*        ;              ;
; V4    ; GND*        ;              ;
; V5    ; GND         ;              ;
; V6    ; GND*        ;              ;
; V7    ; GND*        ;              ;
; V8    ; GND*        ;              ;
; V9    ; GND*        ;              ;
; V10   ; VCC_IO      ;              ;
; V11   ; VCC_INT     ;              ;
; V12   ; GND         ;              ;
; V13   ; VCC_INT     ;              ;
; V14   ; GND         ;              ;
; V15   ; VCC_INT     ;              ;
; V16   ; GND         ;              ;
; V17   ; VCC_INT     ;              ;
; V18   ; VCC_INT     ;              ;
; V19   ; GND*        ;              ;
; V20   ; GND*        ;              ;
; V21   ; GND*        ;              ;
; V22   ; GND*        ;              ;
; V23   ; GND         ;              ;
; V24   ; GND*        ;              ;
; V25   ; GND*        ;              ;
; V26   ; VCC_IO      ;              ;
; V27   ; GND         ;              ;
; W1    ; GND*        ;              ;
; W2    ; GND*        ;              ;
; W3    ; GND*        ;              ;
; W4    ; GND*        ;              ;
; W5    ; GND*        ;              ;
; W6    ; GND*        ;              ;
; W7    ; GND*        ;              ;
; W8    ; GND*        ;              ;
; W9    ; GND         ;              ;
; W10   ; VCC_INT     ;              ;
; W11   ; GND         ;              ;
; W12   ; GND         ;              ;
; W13   ; VCC_IO      ;              ;
; W14   ; GND         ;              ;
; W15   ; VCC_IO      ;              ;
; W16   ; VCC_INT     ;              ;
; W17   ; GND         ;              ;
; W18   ; VCC_INT     ;              ;
; W19   ; VCC_IO      ;              ;
; W20   ; GND*        ;              ;
; W21   ; GND*        ;              ;
; W22   ; GND*        ;              ;
; W23   ; GND*        ;              ;
; W24   ; GND*        ;              ;
; W25   ; GND*        ;              ;
; W26   ; GND*        ;              ;
; W27   ; GND*        ;              ;
; Y1    ; GND*        ;              ;
; Y2    ; GND*        ;              ;
; Y3    ; GND*        ;              ;
; Y4    ; GND*        ;              ;
; Y5    ; GND*        ;              ;
; Y6    ; NC          ;              ;
; Y7    ; NC          ;              ;
; Y8    ; VCC_IO      ;              ;
; Y9    ; NC          ;              ;
; Y10   ; NC          ;              ;
; Y11   ; NC          ;              ;
; Y12   ; GND*        ;              ;
; Y13   ; GND*        ;              ;
; Y14   ; #TCK        ;              ;
; Y15   ; ^NSTATUS    ;              ;
; Y16   ; GND*        ;              ;
; Y17   ; ^VREFC6     ;              ;
; Y18   ; GND*        ;              ;
; Y19   ; NC          ;              ;
; Y20   ; VCC_IO      ;              ;
; Y21   ; NC          ;              ;
; Y22   ; NC          ;              ;
; Y23   ; NC          ;              ;
; Y24   ; GND*        ;              ;
; Y25   ; GND*        ;              ;
; Y26   ; GND*        ;              ;
; Y27   ; GND*        ;              ;
; AA1   ; GND*        ;              ;
; AA2   ; GND*        ;              ;
; AA3   ; GND*        ;              ;
; AA4   ; GND*        ;              ;
; AA5   ; NC          ;              ;
; AA6   ; NC          ;              ;
; AA7   ; GND         ;              ;
; AA8   ; NC          ;              ;
; AA9   ; NC          ;              ;
; AA10  ; NC          ;              ;
; AA11  ; GND*        ;              ;
; AA12  ; ^VREFC5     ;              ;
; AA13  ; GND*        ;              ;
; AA14  ; GND         ;              ;
; AA15  ; ^CONF_DONE  ;              ;
; AA16  ; GND+        ;              ;
; AA17  ; start       ; 3.3-V LVTTL  ;
; AA18  ; GND*        ;              ;
; AA19  ; NC          ;              ;
; AA20  ; NC          ;              ;
; AA21  ; GND         ;              ;
; AA22  ; NC          ;              ;
; AA23  ; NC          ;              ;
; AA24  ; GND*        ;              ;
; AA25  ; GND*        ;              ;
; AA26  ; GND*        ;              ;
; AA27  ; GND*        ;              ;
; AB1   ; GND*        ;              ;
; AB2   ; GND*        ;              ;
; AB3   ; GND*        ;              ;
; AB4   ; GND*        ;              ;
; AB5   ; NC          ;              ;
; AB6   ; GND*        ;              ;
; AB7   ; GND*        ;              ;
; AB8   ; GND*        ;              ;
; AB9   ; GND*        ;              ;
; AB10  ; GND*        ;              ;
; AB11  ; GND*        ;              ;
; AB12  ; GND*        ;              ;
; AB13  ; GND*        ;              ;
; AB14  ; #TMS        ;              ;
; AB15  ; GND*        ;              ;
; AB16  ; EN2         ; 3.3-V LVTTL  ;
; AB17  ; GND*        ;              ;
; AB18  ; EN          ; 3.3-V LVTTL  ;
; AB19  ; GND*        ;              ;
; AB20  ; GND*        ;              ;
; AB21  ; GND*        ;              ;
; AB22  ; GND*        ;              ;
; AB23  ; NC          ;              ;
; AB24  ; GND*        ;              ;
; AB25  ; GND*        ;              ;
; AB26  ; GND*        ;              ;
; AB27  ; GND*        ;              ;
; AC1   ; GND*        ;              ;
; AC2   ; GND*        ;              ;
; AC3   ; GND*        ;              ;
; AC4   ; GND*        ;              ;
; AC5   ; GND         ;              ;
; AC6   ; GND*        ;              ;
; AC7   ; GND*        ;              ;
; AC8   ; GND*        ;              ;
; AC9   ; GND*        ;              ;
; AC10  ; GND*        ;              ;
; AC11  ; GND*        ;              ;
; AC12  ; GND*        ;              ;
; AC13  ; GND*        ;              ;
; AC14  ; GND+        ;              ;
; AC15  ; GND*        ;              ;
; AC16  ; GND*        ;              ;
; AC17  ; GND*        ;              ;
; AC18  ; GND*        ;              ;
; AC19  ; GND*        ;              ;
; AC20  ; GND*        ;              ;
; AC21  ; GND*        ;              ;
; AC22  ; GND*        ;              ;
; AC23  ; GND         ;              ;
; AC24  ; GND*        ;              ;
; AC25  ; GND*        ;              ;
; AC26  ; GND*        ;              ;
; AC27  ; GND*        ;              ;
; AD1   ; GND*        ;              ;
; AD2   ; GND*        ;              ;
; AD3   ; GND*        ;              ;
; AD4   ; GND*        ;              ;
; AD5   ; GND*        ;              ;
; AD6   ; GND*        ;              ;
; AD7   ; GND*        ;              ;
; AD8   ; GND*        ;              ;
; AD9   ; GND*        ;              ;
; AD10  ; GND*        ;              ;
; AD11  ; GND*        ;              ;
; AD12  ; GND*        ;              ;
; AD13  ; GND*        ;              ;
; AD14  ; GND*        ;              ;
; AD15  ; GND*        ;              ;
; AD16  ; GND*        ;              ;
; AD17  ; GND*        ;              ;
; AD18  ; GND*        ;              ;
; AD19  ; GND*        ;              ;
; AD20  ; GND*        ;              ;
; AD21  ; GND*        ;              ;
; AD22  ; GND*        ;              ;
; AD23  ; GND*        ;              ;
; AD24  ; GND*        ;              ;
; AD25  ; GND*        ;              ;
; AD26  ; GND*        ;              ;
; AD27  ; GND*        ;              ;
; AE1   ; GND*        ;              ;
; AE2   ; GND*        ;              ;
; AE3   ; GND*        ;              ;
; AE4   ; GND*        ;              ;
; AE5   ; GND*        ;              ;
; AE6   ; GND*        ;              ;
; AE7   ; GND*        ;              ;
; AE8   ; GND*        ;              ;
; AE9   ; GND*        ;              ;
; AE10  ; GND*        ;              ;
; AE11  ; GND*        ;              ;
; AE12  ; GND*        ;              ;
; AE13  ; GND*        ;              ;
; AE14  ; GND*        ;              ;
; AE15  ; GND*        ;              ;
; AE16  ; GND*        ;              ;
; AE17  ; GND*        ;              ;
; AE18  ; GND*        ;              ;
; AE19  ; GND*        ;              ;
; AE20  ; GND*        ;              ;
; AE21  ; GND*        ;              ;
; AE22  ; GND*        ;              ;
; AE23  ; GND*        ;              ;
; AE24  ; GND*        ;              ;
; AE25  ; GND*        ;              ;
; AE26  ; GND*        ;              ;
; AE27  ; GND*        ;              ;
; AF1   ; VCC_IO      ;              ;
; AF2   ; GND         ;              ;
; AF3   ; GND*        ;              ;
; AF4   ; GND*        ;              ;
; AF5   ; GND*        ;              ;
; AF6   ; GND*        ;              ;
; AF7   ; GND*        ;              ;
; AF8   ; GND*        ;              ;
; AF9   ; GND*        ;              ;
; AF10  ; VCC_IO      ;              ;
; AF11  ; GND*        ;              ;
; AF12  ; GND*        ;              ;
; AF13  ; GND*        ;              ;
; AF14  ; GND*        ;              ;
; AF15  ; GND*        ;              ;
; AF16  ; GND*        ;              ;
; AF17  ; GND*        ;              ;
; AF18  ; VCC_IO      ;              ;
; AF19  ; GND*        ;              ;
; AF20  ; GND*        ;              ;
; AF21  ; GND*        ;              ;
; AF22  ; GND*        ;              ;
; AF23  ; GND*        ;              ;
; AF24  ; GND*        ;              ;
; AF25  ; GND*        ;              ;
; AF26  ; GND         ;              ;
; AF27  ; VCC_IO      ;              ;
; AG1   ; GND         ;              ;
; AG2   ; VCC_IO      ;              ;
; AG3   ; GND*        ;              ;
; AG4   ; GND*        ;              ;
; AG5   ; GND*        ;              ;
; AG6   ; GND*        ;              ;
; AG7   ; GND*        ;              ;
; AG8   ; GND*        ;              ;
; AG9   ; GND*        ;              ;
; AG10  ; GND         ;              ;
; AG11  ; GND*        ;              ;
; AG12  ; GND*        ;              ;
; AG13  ; GND*        ;              ;
; AG14  ; GND*        ;              ;
; AG15  ; GND*        ;              ;
; AG16  ; GND*        ;              ;
; AG17  ; GND*        ;              ;
; AG18  ; GND         ;              ;
; AG19  ; GND*        ;              ;
; AG20  ; GND*        ;              ;
; AG21  ; GND*        ;              ;
; AG22  ; GND*        ;              ;
; AG23  ; GND*        ;              ;
; AG24  ; GND*        ;              ;
; AG25  ; GND*        ;              ;
; AG26  ; VCC_IO      ;              ;
; AG27  ; GND         ;              ;
+-------+-------------+--------------+


+----------------------------------------------------------------+
; Control Signals                                                ;
+-------------+----------+---------+--------------+--------------+
; Name        ; Pin #    ; Fan-Out ; Usage        ; Global Usage ;
+-------------+----------+---------+--------------+--------------+
; o           ; LC5_5_N2 ; 2       ; Async. clear ; Internal     ;
; process_0~2 ; LC3_5_N2 ; 8       ; Clock enable ; Non-global   ;
; wheel       ; R25      ; 9       ; Clock        ; Pin          ;
+-------------+----------+---------+--------------+--------------+


+-------------------------------------+
; Global & Other Fast Signals         ;
+-------+----------+---------+--------+
; Name  ; Pin #    ; Fan-Out ; Global ;
+-------+----------+---------+--------+
; o     ; LC5_5_N2 ; 2       ; yes    ;
; wheel ; R25      ; 9       ; yes    ;
+-------+----------+---------+--------+


+---------------------------------------------+
; Carry Chains                                ;
+--------------------+------------------------+
; Carry Chain Length ; Number of Carry Chains ;
+--------------------+------------------------+
; 0                  ; 0                      ;
; 1                  ; 0                      ;
; 2                  ; 0                      ;
; 3                  ; 0                      ;
; 4                  ; 0                      ;
; 5                  ; 0                      ;
; 6                  ; 0                      ;
; 7                  ; 0                      ;
; 8                  ; 1                      ;
+--------------------+------------------------+


+----------------+
; Cascade Chains ;
+--------+-------+
; Length ; Count ;
+--------+-------+
; 2      ; 1     ;
+--------+-------+


+---------------------------------+
; Non-Global High Fan-Out Signals ;
+-------------+-------------------+
; Name        ; Fan-Out           ;
+-------------+-------------------+
; process_0~2 ; 8                 ;
; Equal0~6    ; 5                 ;
; cnt[3]      ; 2                 ;
; start       ; 2                 ;
; cnt[4]      ; 2                 ;
; cnt[0]      ; 2                 ;
; EN2         ; 2                 ;
; cnt[2]      ; 2                 ;
; cnt[1]      ; 2                 ;
; cnt[7]      ; 2                 ;
; EN          ; 2                 ;
; cnt[5]      ; 2                 ;
; cnt[6]      ; 2                 ;
; Add0~0      ; 1                 ;
; Add0~19     ; 1                 ;
; Add0~18     ; 1                 ;
; Add0~7      ; 1                 ;
; Equal0~8    ; 1                 ;
; Add0~1      ; 1                 ;
; Add0~9      ; 1                 ;
; Add0~21     ; 1                 ;
; Add0~16     ; 1                 ;
; Add0~12     ; 1                 ;
; Add0~4      ; 1                 ;
; Add0~10     ; 1                 ;
; Add0~3      ; 1                 ;
; Add0~13     ; 1                 ;
; Add0~15     ; 1                 ;
; Add0~6      ; 1                 ;
+-------------+-------------------+


+--------------------------------------------------+
; Local Routing Interconnect                       ;
+-----------------------------+--------------------+
; Local Routing Interconnects ; Number of MegaLABs ;
+-----------------------------+--------------------+
; 0 - 1                       ; 103                ;
; 2 - 3                       ; 0                  ;
; 4 - 5                       ; 0                  ;
; 6 - 7                       ; 0                  ;
; 8 - 9                       ; 0                  ;
; 10 - 11                     ; 0                  ;
; 12 - 13                     ; 0                  ;
; 14 - 15                     ; 0                  ;
; 16 - 17                     ; 0                  ;
; 18 - 19                     ; 1                  ;
+-----------------------------+--------------------+


+--------------------------------------------+
; MegaLAB Interconnect                       ;
+-----------------------+--------------------+
; MegaLAB Interconnects ; Number of MegaLABs ;
+-----------------------+--------------------+
; 0                     ; 102                ;
; 1                     ; 1                  ;
; 2                     ; 0                  ;
; 3                     ; 0                  ;
; 4                     ; 0                  ;
; 5                     ; 0                  ;
; 6                     ; 0                  ;
; 7                     ; 0                  ;
; 8                     ; 0                  ;
; 9                     ; 0                  ;
; 10                    ; 1                  ;
+-----------------------+--------------------+


+----------------------------------------------+
; LAB External Interconnect                    ;
+----------------------------+-----------------+
; LAB External Interconnects ; Number MegaLABs ;
+----------------------------+-----------------+
; 0                          ; 102             ;
; 1                          ; 1               ;
; 2                          ; 0               ;
; 3                          ; 0               ;
; 4                          ; 0               ;
; 5                          ; 0               ;
; 6                          ; 0               ;
; 7                          ; 0               ;
; 8                          ; 0               ;
; 9                          ; 0               ;
; 10                         ; 0               ;
; 11                         ; 0               ;
; 12                         ; 1               ;
+----------------------------+-----------------+


+----------------------------------------------------------------------------------------------------------------------------------------------------------------------------------------------------------------------------------------------------------------------------------------------------+
; MegaLAB Usage Summary                                                                                                                                                                                                                                                                              ;
+--------------+--------------------+----------------------+-------------------------------------+--------------------------------------+----------------------------------+-----------------------------------+--------+---------+--------------------+---------------------------+-----------------+
; MegaLAB Name ; Total Cells        ; MegaLAB Interconnect ; Column Fast Interconnect Driving In ; Column Fast Interconnect Driving Out ; Row Fast Interconnect Driving In ; Row Fast Interconnect Driving Out ; Fan-In ; Fan-Out ; Local Interconnect ; LAB External Interconnect ; Control Signals ;
+--------------+--------------------+----------------------+-------------------------------------+--------------------------------------+----------------------------------+-----------------------------------+--------+---------+--------------------+---------------------------+-----------------+
;  A1          ;  0 / 160 ( 0 % )   ; 0                    ; 0                                   ; 0                                    ; 0                                ; 0                                 ; 0      ; 0       ; 0                  ; 0                         ; 0               ;
;  A2          ;  0 / 160 ( 0 % )   ; 0                    ; 0                                   ; 0                                    ; 0                                ; 0                                 ; 0      ; 0       ; 0                  ; 0                         ; 0               ;
;  A3          ;  0 / 160 ( 0 % )   ; 0                    ; 0                                   ; 0                                    ; 0                                ; 0                                 ; 0      ; 0       ; 0                  ; 0                         ; 0               ;
;  A4          ;  0 / 160 ( 0 % )   ; 0                    ; 0                                   ; 0                                    ; 0                                ; 0                                 ; 0      ; 0       ; 0                  ; 0                         ; 0               ;
;  B1          ;  0 / 160 ( 0 % )   ; 0                    ; 0                                   ; 0                                    ; 0                                ; 0                                 ; 0      ; 0       ; 0                  ; 0                         ; 0               ;
;  B2          ;  0 / 160 ( 0 % )   ; 0                    ; 0                                   ; 0                                    ; 0                                ; 0                                 ; 0      ; 0       ; 0                  ; 0                         ; 0               ;
;  B3          ;  0 / 160 ( 0 % )   ; 0                    ; 0                                   ; 0                                    ; 0                                ; 0                                 ; 0      ; 0       ; 0                  ; 0                         ; 0               ;
;  B4          ;  0 / 160 ( 0 % )   ; 0                    ; 0                                   ; 0                                    ; 0                                ; 0                                 ; 0      ; 0       ; 0                  ; 0                         ; 0               ;
;  C1          ;  0 / 160 ( 0 % )   ; 0                    ; 0                                   ; 0                                    ; 0                                ; 0                                 ; 0      ; 0       ; 0                  ; 0                         ; 0               ;
;  C2          ;  0 / 160 ( 0 % )   ; 0                    ; 0                                   ; 0                                    ; 0                                ; 0                                 ; 0      ; 0       ; 0                  ; 0                         ; 0               ;
;  C3          ;  0 / 160 ( 0 % )   ; 0                    ; 0                                   ; 0                                    ; 0                                ; 0                                 ; 0      ; 0       ; 0                  ; 0                         ; 0               ;
;  C4          ;  0 / 160 ( 0 % )   ; 0                    ; 0                                   ; 0                                    ; 0                                ; 0                                 ; 0      ; 0       ; 0                  ; 0                         ; 0               ;
;  D1          ;  0 / 160 ( 0 % )   ; 0                    ; 0                                   ; 0                                    ; 0                                ; 0                                 ; 0      ; 0       ; 0                  ; 0                         ; 0               ;
;  D2          ;  0 / 160 ( 0 % )   ; 0                    ; 0                                   ; 0                                    ; 0                                ; 0                                 ; 0      ; 0       ; 0                  ; 0                         ; 0               ;
;  D3          ;  0 / 160 ( 0 % )   ; 0                    ; 0                                   ; 0                                    ; 0                                ; 0                                 ; 0      ; 0       ; 0                  ; 0                         ; 0               ;
;  D4          ;  0 / 160 ( 0 % )   ; 0                    ; 0                                   ; 0                                    ; 0                                ; 0                                 ; 0      ; 0       ; 0                  ; 0                         ; 0               ;
;  E1          ;  0 / 160 ( 0 % )   ; 0                    ; 0                                   ; 0                                    ; 0                                ; 0                                 ; 0      ; 0       ; 0                  ; 0                         ; 0               ;
;  E2          ;  0 / 160 ( 0 % )   ; 0                    ; 0                                   ; 0                                    ; 0                                ; 0                                 ; 0      ; 0       ; 0                  ; 0                         ; 0               ;
;  E3          ;  0 / 160 ( 0 % )   ; 0                    ; 0                                   ; 0                                    ; 0                                ; 0                                 ; 0      ; 0       ; 0                  ; 0                         ; 0               ;
;  E4          ;  0 / 160 ( 0 % )   ; 0                    ; 0                                   ; 0                                    ; 0                                ; 0                                 ; 0      ; 0       ; 0                  ; 0                         ; 0               ;
;  F1          ;  0 / 160 ( 0 % )   ; 0                    ; 0                                   ; 0                                    ; 0                                ; 0                                 ; 0      ; 0       ; 0                  ; 0                         ; 0               ;
;  F2          ;  0 / 160 ( 0 % )   ; 0                    ; 0                                   ; 0                                    ; 0                                ; 0                                 ; 0      ; 0       ; 0                  ; 0                         ; 0               ;
;  F3          ;  0 / 160 ( 0 % )   ; 0                    ; 0                                   ; 0                                    ; 0                                ; 0                                 ; 0      ; 0       ; 0                  ; 0                         ; 0               ;
;  F4          ;  0 / 160 ( 0 % )   ; 0                    ; 0                                   ; 0                                    ; 0                                ; 0                                 ; 0      ; 0       ; 0                  ; 0                         ; 0               ;
;  G1          ;  0 / 160 ( 0 % )   ; 0                    ; 0                                   ; 0                                    ; 0                                ; 0                                 ; 0      ; 0       ; 0                  ; 0                         ; 0               ;
;  G2          ;  0 / 160 ( 0 % )   ; 0                    ; 0                                   ; 0                                    ; 0                                ; 0                                 ; 0      ; 0       ; 0                  ; 0                         ; 0               ;
;  G3          ;  0 / 160 ( 0 % )   ; 0                    ; 0                                   ; 0                                    ; 0                                ; 0                                 ; 0      ; 0       ; 0                  ; 0                         ; 0               ;
;  G4          ;  0 / 160 ( 0 % )   ; 0                    ; 0                                   ; 0                                    ; 0                                ; 0                                 ; 0      ; 0       ; 0                  ; 0                         ; 0               ;
;  H1          ;  0 / 160 ( 0 % )   ; 0                    ; 0                                   ; 0                                    ; 0                                ; 0                                 ; 0      ; 0       ; 0                  ; 0                         ; 0               ;
;  H2          ;  0 / 160 ( 0 % )   ; 0                    ; 0                                   ; 0                                    ; 0                                ; 0                                 ; 0      ; 0       ; 0                  ; 0                         ; 0               ;
;  H3          ;  0 / 160 ( 0 % )   ; 0                    ; 0                                   ; 0                                    ; 0                                ; 0                                 ; 0      ; 0       ; 0                  ; 0                         ; 0               ;
;  H4          ;  0 / 160 ( 0 % )   ; 0                    ; 0                                   ; 0                                    ; 0                                ; 0                                 ; 0      ; 0       ; 0                  ; 0                         ; 0               ;
;  I1          ;  0 / 160 ( 0 % )   ; 0                    ; 0                                   ; 0                                    ; 0                                ; 0                                 ; 0      ; 0       ; 0                  ; 0                         ; 0               ;
;  I2          ;  0 / 160 ( 0 % )   ; 0                    ; 0                                   ; 0                                    ; 0                                ; 0                                 ; 0      ; 0       ; 0                  ; 0                         ; 0               ;
;  I3          ;  0 / 160 ( 0 % )   ; 0                    ; 0                                   ; 0                                    ; 0                                ; 0                                 ; 0      ; 0       ; 0                  ; 0                         ; 0               ;
;  I4          ;  0 / 160 ( 0 % )   ; 0                    ; 0                                   ; 0                                    ; 0                                ; 0                                 ; 0      ; 0       ; 0                  ; 0                         ; 0               ;
;  J1          ;  0 / 160 ( 0 % )   ; 0                    ; 0                                   ; 0                                    ; 0                                ; 0                                 ; 0      ; 0       ; 0                  ; 0                         ; 0               ;
;  J2          ;  0 / 160 ( 0 % )   ; 0                    ; 0                                   ; 0                                    ; 0                                ; 0                                 ; 0      ; 0       ; 0                  ; 0                         ; 0               ;
;  J3          ;  0 / 160 ( 0 % )   ; 0                    ; 0                                   ; 0                                    ; 0                                ; 0                                 ; 0      ; 0       ; 0                  ; 0                         ; 0               ;
;  J4          ;  0 / 160 ( 0 % )   ; 0                    ; 0                                   ; 0                                    ; 0                                ; 0                                 ; 0      ; 0       ; 0                  ; 0                         ; 0               ;
;  K1          ;  0 / 160 ( 0 % )   ; 0                    ; 0                                   ; 0                                    ; 0                                ; 0                                 ; 0      ; 0       ; 0                  ; 0                         ; 0               ;
;  K2          ;  0 / 160 ( 0 % )   ; 0                    ; 0                                   ; 0                                    ; 0                                ; 0                                 ; 0      ; 0       ; 0                  ; 0                         ; 0               ;
;  K3          ;  0 / 160 ( 0 % )   ; 0                    ; 0                                   ; 0                                    ; 0                                ; 0                                 ; 0      ; 0       ; 0                  ; 0                         ; 0               ;
;  K4          ;  0 / 160 ( 0 % )   ; 0                    ; 0                                   ; 0                                    ; 0                                ; 0                                 ; 0      ; 0       ; 0                  ; 0                         ; 0               ;
;  L1          ;  0 / 160 ( 0 % )   ; 0                    ; 0                                   ; 0                                    ; 0                                ; 0                                 ; 0      ; 0       ; 0                  ; 0                         ; 0               ;
;  L2          ;  0 / 160 ( 0 % )   ; 0                    ; 0                                   ; 0                                    ; 0                                ; 0                                 ; 0      ; 0       ; 0                  ; 0                         ; 0               ;
;  L3          ;  0 / 160 ( 0 % )   ; 0                    ; 0                                   ; 0                                    ; 0                                ; 0                                 ; 0      ; 0       ; 0                  ; 0                         ; 0               ;
;  L4          ;  0 / 160 ( 0 % )   ; 0                    ; 0                                   ; 0                                    ; 0                                ; 0                                 ; 0      ; 0       ; 0                  ; 0                         ; 0               ;
;  M1          ;  0 / 160 ( 0 % )   ; 0                    ; 0                                   ; 0                                    ; 0                                ; 0                                 ; 0      ; 0       ; 0                  ; 0                         ; 0               ;
;  M2          ;  0 / 160 ( 0 % )   ; 0                    ; 0                                   ; 0                                    ; 0                                ; 0                                 ; 0      ; 0       ; 0                  ; 0                         ; 0               ;
;  M3          ;  0 / 160 ( 0 % )   ; 0                    ; 0                                   ; 0                                    ; 0                                ; 0                                 ; 0      ; 0       ; 0                  ; 0                         ; 0               ;
;  M4          ;  0 / 160 ( 0 % )   ; 0                    ; 0                                   ; 0                                    ; 0                                ; 0                                 ; 1      ; 0       ; 0                  ; 0                         ; 0               ;
;  N1          ;  0 / 160 ( 0 % )   ; 1                    ; 0                                   ; 0                                    ; 0                                ; 0                                 ; 0      ; 0       ; 0                  ; 1                         ; 0               ;
;  N2          ;  20 / 160 ( 13 % ) ; 10                   ; 0                                   ; 0                                    ; 0                                ; 0                                 ; 4      ; 1       ; 19                 ; 12                        ; 3               ;
;  N3          ;  0 / 160 ( 0 % )   ; 0                    ; 0                                   ; 0                                    ; 0                                ; 0                                 ; 0      ; 0       ; 0                  ; 0                         ; 0               ;
;  N4          ;  0 / 160 ( 0 % )   ; 0                    ; 0                                   ; 0                                    ; 0                                ; 0                                 ; 0      ; 0       ; 0                  ; 0                         ; 0               ;
;  O1          ;  0 / 160 ( 0 % )   ; 0                    ; 0                                   ; 0                                    ; 0                                ; 0                                 ; 0      ; 0       ; 0                  ; 0                         ; 0               ;
;  O2          ;  0 / 160 ( 0 % )   ; 0                    ; 0                                   ; 0                                    ; 0                                ; 0                                 ; 0      ; 0       ; 0                  ; 0                         ; 0               ;
;  O3          ;  0 / 160 ( 0 % )   ; 0                    ; 0                                   ; 0                                    ; 0                                ; 0                                 ; 0      ; 0       ; 0                  ; 0                         ; 0               ;
;  O4          ;  0 / 160 ( 0 % )   ; 0                    ; 0                                   ; 0                                    ; 0                                ; 0                                 ; 0      ; 0       ; 0                  ; 0                         ; 0               ;
;  P1          ;  0 / 160 ( 0 % )   ; 0                    ; 0                                   ; 0                                    ; 0                                ; 0                                 ; 0      ; 0       ; 0                  ; 0                         ; 0               ;
;  P2          ;  0 / 160 ( 0 % )   ; 0                    ; 0                                   ; 0                                    ; 0                                ; 0                                 ; 0      ; 0       ; 0                  ; 0                         ; 0               ;
;  P3          ;  0 / 160 ( 0 % )   ; 0                    ; 0                                   ; 0                                    ; 0                                ; 0                                 ; 0      ; 0       ; 0                  ; 0                         ; 0               ;
;  P4          ;  0 / 160 ( 0 % )   ; 0                    ; 0                                   ; 0                                    ; 0                                ; 0                                 ; 0      ; 0       ; 0                  ; 0                         ; 0               ;
;  Q1          ;  0 / 160 ( 0 % )   ; 0                    ; 0                                   ; 0                                    ; 0                                ; 0                                 ; 0      ; 0       ; 0                  ; 0                         ; 0               ;
;  Q2          ;  0 / 160 ( 0 % )   ; 0                    ; 0                                   ; 0                                    ; 0                                ; 0                                 ; 0      ; 0       ; 0                  ; 0                         ; 0               ;
;  Q3          ;  0 / 160 ( 0 % )   ; 0                    ; 0                                   ; 0                                    ; 0                                ; 0                                 ; 0      ; 0       ; 0                  ; 0                         ; 0               ;
;  Q4          ;  0 / 160 ( 0 % )   ; 0                    ; 0                                   ; 0                                    ; 0                                ; 0                                 ; 0      ; 0       ; 0                  ; 0                         ; 0               ;
;  R1          ;  0 / 160 ( 0 % )   ; 0                    ; 0                                   ; 0                                    ; 0                                ; 0                                 ; 0      ; 0       ; 0                  ; 0                         ; 0               ;
;  R2          ;  0 / 160 ( 0 % )   ; 0                    ; 0                                   ; 0                                    ; 0                                ; 0                                 ; 0      ; 0       ; 0                  ; 0                         ; 0               ;
;  R3          ;  0 / 160 ( 0 % )   ; 0                    ; 0                                   ; 0                                    ; 0                                ; 0                                 ; 0      ; 0       ; 0                  ; 0                         ; 0               ;
;  R4          ;  0 / 160 ( 0 % )   ; 0                    ; 0                                   ; 0                                    ; 0                                ; 0                                 ; 0      ; 0       ; 0                  ; 0                         ; 0               ;
;  S1          ;  0 / 160 ( 0 % )   ; 0                    ; 0                                   ; 0                                    ; 0                                ; 0                                 ; 0      ; 0       ; 0                  ; 0                         ; 0               ;
;  S2          ;  0 / 160 ( 0 % )   ; 0                    ; 0                                   ; 0                                    ; 0                                ; 0                                 ; 0      ; 0       ; 0                  ; 0                         ; 0               ;
;  S3          ;  0 / 160 ( 0 % )   ; 0                    ; 0                                   ; 0                                    ; 0                                ; 0                                 ; 0      ; 0       ; 0                  ; 0                         ; 0               ;
;  S4          ;  0 / 160 ( 0 % )   ; 0                    ; 0                                   ; 0                                    ; 0                                ; 0                                 ; 0      ; 0       ; 0                  ; 0                         ; 0               ;
;  T1          ;  0 / 160 ( 0 % )   ; 0                    ; 0                                   ; 0                                    ; 0                                ; 0                                 ; 0      ; 0       ; 0                  ; 0                         ; 0               ;
;  T2          ;  0 / 160 ( 0 % )   ; 0                    ; 0                                   ; 0                                    ; 0                                ; 0                                 ; 0      ; 0       ; 0                  ; 0                         ; 0               ;
;  T3          ;  0 / 160 ( 0 % )   ; 0                    ; 0                                   ; 0                                    ; 0                                ; 0                                 ; 0      ; 0       ; 0                  ; 0                         ; 0               ;
;  T4          ;  0 / 160 ( 0 % )   ; 0                    ; 0                                   ; 0                                    ; 0                                ; 0                                 ; 0      ; 0       ; 0                  ; 0                         ; 0               ;
;  U1          ;  0 / 160 ( 0 % )   ; 0                    ; 0                                   ; 0                                    ; 0                                ; 0                                 ; 0      ; 0       ; 0                  ; 0                         ; 0               ;
;  U2          ;  0 / 160 ( 0 % )   ; 0                    ; 0                                   ; 0                                    ; 0                                ; 0                                 ; 0      ; 0       ; 0                  ; 0                         ; 0               ;
;  U3          ;  0 / 160 ( 0 % )   ; 0                    ; 0                                   ; 0                                    ; 0                                ; 0                                 ; 0      ; 0       ; 0                  ; 0                         ; 0               ;
;  U4          ;  0 / 160 ( 0 % )   ; 0                    ; 0                                   ; 0                                    ; 0                                ; 0                                 ; 0      ; 0       ; 0                  ; 0                         ; 0               ;
;  V1          ;  0 / 160 ( 0 % )   ; 0                    ; 0                                   ; 0                                    ; 0                                ; 0                                 ; 0      ; 0       ; 0                  ; 0                         ; 0               ;
;  V2          ;  0 / 160 ( 0 % )   ; 0                    ; 0                                   ; 0                                    ; 0                                ; 0                                 ; 0      ; 0       ; 0                  ; 0                         ; 0               ;
;  V3          ;  0 / 160 ( 0 % )   ; 0                    ; 0                                   ; 0                                    ; 0                                ; 0                                 ; 0      ; 0       ; 0                  ; 0                         ; 0               ;
;  V4          ;  0 / 160 ( 0 % )   ; 0                    ; 0                                   ; 0                                    ; 0                                ; 0                                 ; 0      ; 0       ; 0                  ; 0                         ; 0               ;
;  W1          ;  0 / 160 ( 0 % )   ; 0                    ; 0                                   ; 0                                    ; 0                                ; 0                                 ; 0      ; 0       ; 0                  ; 0                         ; 0               ;
;  W2          ;  0 / 160 ( 0 % )   ; 0                    ; 0                                   ; 0                                    ; 0                                ; 0                                 ; 0      ; 0       ; 0                  ; 0                         ; 0               ;
;  W3          ;  0 / 160 ( 0 % )   ; 0                    ; 0                                   ; 0                                    ; 0                                ; 0                                 ; 0      ; 0       ; 0                  ; 0                         ; 0               ;
;  W4          ;  0 / 160 ( 0 % )   ; 0                    ; 0                                   ; 0                                    ; 0                                ; 0                                 ; 0      ; 0       ; 0                  ; 0                         ; 0               ;
;  X1          ;  0 / 160 ( 0 % )   ; 0                    ; 0                                   ; 0                                    ; 0                                ; 0                                 ; 0      ; 0       ; 0                  ; 0                         ; 0               ;
;  X2          ;  0 / 160 ( 0 % )   ; 0                    ; 0                                   ; 0                                    ; 0                                ; 0                                 ; 0      ; 0       ; 0                  ; 0                         ; 0               ;
;  X3          ;  0 / 160 ( 0 % )   ; 0                    ; 0                                   ; 0                                    ; 0                                ; 0                                 ; 0      ; 0       ; 0                  ; 0                         ; 0               ;
;  X4          ;  0 / 160 ( 0 % )   ; 0                    ; 0                                   ; 0                                    ; 0                                ; 0                                 ; 0      ; 0       ; 0                  ; 0                         ; 0               ;
;  Y1          ;  0 / 160 ( 0 % )   ; 0                    ; 0                                   ; 0                                    ; 0                                ; 0                                 ; 0      ; 0       ; 0                  ; 0                         ; 0               ;
;  Y2          ;  0 / 160 ( 0 % )   ; 0                    ; 0                                   ; 0                                    ; 0                                ; 0                                 ; 0      ; 0       ; 0                  ; 0                         ; 0               ;
;  Y3          ;  0 / 160 ( 0 % )   ; 0                    ; 0                                   ; 0                                    ; 0                                ; 0                                 ; 0      ; 0       ; 0                  ; 0                         ; 0               ;
;  Y4          ;  0 / 160 ( 0 % )   ; 0                    ; 0                                   ; 0                                    ; 0                                ; 0                                 ; 0      ; 0       ; 0                  ; 0                         ; 0               ;
;  Z1          ;  0 / 160 ( 0 % )   ; 0                    ; 0                                   ; 0                                    ; 0                                ; 0                                 ; 0      ; 0       ; 0                  ; 0                         ; 0               ;
;  Z2          ;  0 / 160 ( 0 % )   ; 0                    ; 0                                   ; 0                                    ; 0                                ; 0                                 ; 0      ; 0       ; 0                  ; 0                         ; 0               ;
;  Z3          ;  0 / 160 ( 0 % )   ; 0                    ; 0                                   ; 0                                    ; 0                                ; 0                                 ; 0      ; 0       ; 0                  ; 0                         ; 0               ;
;  Z4          ;  0 / 160 ( 0 % )   ; 0                    ; 0                                   ; 0                                    ; 0                                ; 0                                 ; 0      ; 0       ; 0                  ; 0                         ; 0               ;
+--------------+--------------------+----------------------+-------------------------------------+--------------------------------------+----------------------------------+-----------------------------------+--------+---------+--------------------+---------------------------+-----------------+


+------------------------------------+
; Row Interconnect                   ;
+-------+----------------------------+
; Row   ; Interconnect Segments Used ;
+-------+----------------------------+
;  A    ;  0 / 400 ( 0 % )           ;
;  B    ;  0 / 400 ( 0 % )           ;
;  C    ;  0 / 400 ( 0 % )           ;
;  D    ;  0 / 400 ( 0 % )           ;
;  E    ;  0 / 400 ( 0 % )           ;
;  F    ;  0 / 400 ( 0 % )           ;
;  G    ;  0 / 400 ( 0 % )           ;
;  H    ;  0 / 400 ( 0 % )           ;
;  I    ;  0 / 400 ( 0 % )           ;
;  J    ;  0 / 400 ( 0 % )           ;
;  K    ;  0 / 400 ( 0 % )           ;
;  L    ;  0 / 400 ( 0 % )           ;
;  M    ;  0 / 400 ( 0 % )           ;
;  N    ;  2 / 400 ( < 1 % )         ;
;  O    ;  0 / 400 ( 0 % )           ;
;  P    ;  0 / 400 ( 0 % )           ;
;  Q    ;  0 / 400 ( 0 % )           ;
;  R    ;  0 / 400 ( 0 % )           ;
;  S    ;  0 / 400 ( 0 % )           ;
;  T    ;  0 / 400 ( 0 % )           ;
;  U    ;  0 / 400 ( 0 % )           ;
;  V    ;  0 / 400 ( 0 % )           ;
;  W    ;  0 / 400 ( 0 % )           ;
;  X    ;  0 / 400 ( 0 % )           ;
;  Y    ;  0 / 400 ( 0 % )           ;
;  Z    ;  0 / 400 ( 0 % )           ;
; Total ;  2 / 10400 ( < 1 % )       ;
+-------+----------------------------+


+--------------------------------------------------+
; LAB Column Interconnect                          ;
+--------------+------+----------------------------+
; MegaLAB Col. ; Col. ; Interconnect Segments Used ;
+--------------+------+----------------------------+
; 1            ; 1    ;  0 / 640 ( 0 % )           ;
; 1            ; 2    ;  0 / 640 ( 0 % )           ;
; 1            ; 3    ;  0 / 640 ( 0 % )           ;
; 1            ; 4    ;  0 / 640 ( 0 % )           ;
; 1            ; 5    ;  0 / 640 ( 0 % )           ;
; 1            ; 6    ;  0 / 640 ( 0 % )           ;
; 1            ; 7    ;  0 / 640 ( 0 % )           ;
; 1            ; 8    ;  0 / 640 ( 0 % )           ;
; 1            ; 9    ;  0 / 640 ( 0 % )           ;
; 1            ; 10   ;  0 / 640 ( 0 % )           ;
; 1            ; 11   ;  0 / 640 ( 0 % )           ;
; 1            ; 12   ;  0 / 640 ( 0 % )           ;
; 1            ; 13   ;  0 / 640 ( 0 % )           ;
; 1            ; 14   ;  0 / 640 ( 0 % )           ;
; 1            ; 15   ;  0 / 640 ( 0 % )           ;
; 1            ; 16   ;  0 / 640 ( 0 % )           ;
; 1            ; 17   ;  0 / 640 ( 0 % )           ;
; 2            ; 1    ;  0 / 640 ( 0 % )           ;
; 2            ; 2    ;  0 / 640 ( 0 % )           ;
; 2            ; 3    ;  0 / 640 ( 0 % )           ;
; 2            ; 4    ;  0 / 640 ( 0 % )           ;
; 2            ; 5    ;  0 / 640 ( 0 % )           ;
; 2            ; 6    ;  0 / 640 ( 0 % )           ;
; 2            ; 7    ;  0 / 640 ( 0 % )           ;
; 2            ; 8    ;  1 / 640 ( < 1 % )         ;
; 2            ; 9    ;  0 / 640 ( 0 % )           ;
; 2            ; 10   ;  0 / 640 ( 0 % )           ;
; 2            ; 11   ;  0 / 640 ( 0 % )           ;
; 2            ; 12   ;  1 / 640 ( < 1 % )         ;
; 2            ; 13   ;  0 / 640 ( 0 % )           ;
; 2            ; 14   ;  0 / 640 ( 0 % )           ;
; 2            ; 15   ;  1 / 640 ( < 1 % )         ;
; 2            ; 16   ;  0 / 640 ( 0 % )           ;
; 2            ; 17   ;  0 / 640 ( 0 % )           ;
; 3            ; 1    ;  0 / 640 ( 0 % )           ;
; 3            ; 2    ;  0 / 640 ( 0 % )           ;
; 3            ; 3    ;  0 / 640 ( 0 % )           ;
; 3            ; 4    ;  0 / 640 ( 0 % )           ;
; 3            ; 5    ;  0 / 640 ( 0 % )           ;
; 3            ; 6    ;  0 / 640 ( 0 % )           ;
; 3            ; 7    ;  0 / 640 ( 0 % )           ;
; 3            ; 8    ;  0 / 640 ( 0 % )           ;
; 3            ; 9    ;  0 / 640 ( 0 % )           ;
; 3            ; 10   ;  0 / 640 ( 0 % )           ;
; 3            ; 11   ;  0 / 640 ( 0 % )           ;
; 3            ; 12   ;  0 / 640 ( 0 % )           ;
; 3            ; 13   ;  0 / 640 ( 0 % )           ;
; 3            ; 14   ;  0 / 640 ( 0 % )           ;
; 3            ; 15   ;  0 / 640 ( 0 % )           ;
; 3            ; 16   ;  0 / 640 ( 0 % )           ;
; 3            ; 17   ;  0 / 640 ( 0 % )           ;
; 4            ; 1    ;  0 / 640 ( 0 % )           ;
; 4            ; 2    ;  0 / 640 ( 0 % )           ;
; 4            ; 3    ;  0 / 640 ( 0 % )           ;
; 4            ; 4    ;  0 / 640 ( 0 % )           ;
; 4            ; 5    ;  0 / 640 ( 0 % )           ;
; 4            ; 6    ;  0 / 640 ( 0 % )           ;
; 4            ; 7    ;  0 / 640 ( 0 % )           ;
; 4            ; 8    ;  0 / 640 ( 0 % )           ;
; 4            ; 9    ;  0 / 640 ( 0 % )           ;
; 4            ; 10   ;  0 / 640 ( 0 % )           ;
; 4            ; 11   ;  0 / 640 ( 0 % )           ;
; 4            ; 12   ;  0 / 640 ( 0 % )           ;
; 4            ; 13   ;  0 / 640 ( 0 % )           ;
; 4            ; 14   ;  0 / 640 ( 0 % )           ;
; 4            ; 15   ;  0 / 640 ( 0 % )           ;
; 4            ; 16   ;  0 / 640 ( 0 % )           ;
; 4            ; 17   ;  0 / 640 ( 0 % )           ;
; Total        ;      ;  3 / 43520 ( < 1 % )       ;
+--------------+------+----------------------------+


+------------------------------------+
; LAB Column Interconnect            ;
+-------+----------------------------+
; Col.  ; Interconnect Segments Used ;
+-------+----------------------------+
; 0     ;  0 / 920 ( 0 % )           ;
; 1     ;  0 / 920 ( 0 % )           ;
; 2     ;  0 / 920 ( 0 % )           ;
; 3     ;  0 / 920 ( 0 % )           ;
; Total ;  0 / 3680 ( 0 % )          ;
+-------+----------------------------+


+-----------------------------------------------------------+
; Fitter Resource Usage Summary                             ;
+-----------------------------------+-----------------------+
; Resource                          ; Usage                 ;
+-----------------------------------+-----------------------+
; Total logic elements              ; 20 / 16,640 ( < 1 % ) ;
; Registers                         ; 9 / 19,528 ( < 1 % )  ;
; Logic elements in carry chains    ; 8                     ;
; User inserted logic elements      ; 0                     ;
; Virtual pins                      ; 0                     ;
; I/O pins                          ; 5 / 492 ( 1 % )       ;
;     -- Clock pins                 ; 1 / 8 ( 13 % )        ;
;     -- Dedicated input pins       ; 0 / 4 ( 0 % )         ;
; Global signals                    ; 2                     ;
; ESBs                              ; 0 / 104 ( 0 % )       ;
; Macrocells                        ; 0 / 1,664 ( 0 % )     ;
; ESB pterm bits used               ; 0 / 425,984 ( 0 % )   ;
; ESB CAM bits used                 ; 0 / 425,984 ( 0 % )   ;
; Total memory bits                 ; 0 / 425,984 ( 0 % )   ;
; Total RAM block bits              ; 0 / 425,984 ( 0 % )   ;
; FastRow interconnects             ; 0 / 120 ( 0 % )       ;
; PLLs                              ; 0 / 4 ( 0 % )         ;
; LVDS transmitters                 ; 0 / 36 ( 0 % )        ;
; LVDS receivers                    ; 0 / 36 ( 0 % )        ;
; ELAs                              ; 0 / 4 ( 0 % )         ;
; Maximum fan-out node              ; wheel                 ;
; Maximum fan-out                   ; 9                     ;
; Highest non-global fan-out signal ; process_0~2           ;
; Highest non-global fan-out        ; 8                     ;
; Total fan-out                     ; 62                    ;
; Average fan-out                   ; 2.48                  ;
+-----------------------------------+-----------------------+


+-----------------------------------------------------------------------------------------------------------------------------------------------------------------------------------------------------------------------+
; Fitter Resource Utilization by Entity                                                                                                                                                                                 ;
+----------------------------+-------------+--------------+-------------+------+--------------+--------------+-------------------+------------------+-----------------+------------+---------------------+--------------+
; Compilation Hierarchy Node ; Logic Cells ; LC Registers ; Memory Bits ; Pins ; Virtual Pins ; LUT-Only LCs ; Register-Only LCs ; LUT/Register LCs ; Carry Chain LCs ; Packed LCs ; Full Hierarchy Name ; Library Name ;
+----------------------------+-------------+--------------+-------------+------+--------------+--------------+-------------------+------------------+-----------------+------------+---------------------+--------------+
; |RUN                       ; 20 (20)     ; 9            ; 0           ; 5    ; 0            ; 11 (11)      ; 4 (4)             ; 5 (5)            ; 8 (8)           ; 0 (0)      ; |RUN                ; work         ;
+----------------------------+-------------+--------------+-------------+------+--------------+--------------+-------------------+------------------+-----------------+------------+---------------------+--------------+
Note: For table entries with two numbers listed, the numbers in parentheses indicate the number of resources of the given type used by the specific entity alone. The numbers listed outside of parentheses indicate the total resources of the given type used by the specific entity and all of its sub-entities in the hierarchy.


+-------------------------------------------------------------------------------------------------------------------------------------------------------------------------+
; Delay Chain Summary                                                                                                                                                     ;
+-------+----------+-------------+-----------------------+-------------------------+---------------------+-----+------+----------------------------+----------------------+
; Name  ; Pin Type ; Pad to Core ; Pad to Input Register ; Core to Output Register ; Core to CE Register ; TCO ; TCOE ; Falling Edge Output Enable ; Fastrow Interconnect ;
+-------+----------+-------------+-----------------------+-------------------------+---------------------+-----+------+----------------------------+----------------------+
; EN2   ; Input    ; ON          ; OFF                   ; OFF                     ; OFF                 ; OFF ; OFF  ; OFF                        ; 0 ps                 ;
; start ; Input    ; ON          ; OFF                   ; OFF                     ; OFF                 ; OFF ; OFF  ; OFF                        ; 0 ps                 ;
; EN    ; Input    ; ON          ; OFF                   ; OFF                     ; OFF                 ; OFF ; OFF  ; OFF                        ; 0 ps                 ;
; wheel ; Input    ; OFF         ; OFF                   ; OFF                     ; OFF                 ; OFF ; OFF  ; OFF                        ; 0 ps                 ;
; pulse ; Output   ; OFF         ; OFF                   ; OFF                     ; OFF                 ; OFF ; OFF  ; OFF                        ; 0 ps                 ;
+-------+----------+-------------+-----------------------+-------------------------+---------------------+-----+------+----------------------------+----------------------+


+---------------------------+
; I/O Bank Usage            ;
+----------+----------------+
; I/O Bank ; Usage          ;
+----------+----------------+
; 1        ; 0 / 62 ( 0 % ) ;
; 2        ; 0 / 60 ( 0 % ) ;
; 3        ; 0 / 60 ( 0 % ) ;
; 4        ; 0 / 64 ( 0 % ) ;
; 5        ; 0 / 62 ( 0 % ) ;
; 6        ; 3 / 60 ( 5 % ) ;
; 7        ; 2 / 61 ( 3 % ) ;
; 8        ; 0 / 63 ( 0 % ) ;
; 9        ; 0 / 0 ( -- )   ;
; 10       ; 0 / 0 ( -- )   ;
+----------+----------------+


+--------------+
; Pin-Out File ;
+--------------+
The pin-out file can be found in D:/VHDL/end/run/RUN.pin.


+-----------------+
; Fitter Messages ;
+-----------------+
Info: *******************************************************************
Info: Running Quartus II Fitter
    Info: Version 9.0 Build 235 06/17/2009 Service Pack 2 SJ Web Edition
    Info: Processing started: Sun Jan 06 19:54:44 2019
Info: Command: quartus_fit --read_settings_files=off --write_settings_files=off RUN -c RUN
Info: Automatically selected device EP2A15B724C7 for design RUN
Warning: Feature SignalProbe is not available with your current license
Info: Fitter is using the Classic Timing Analyzer
Info: Timing requirements not specified -- optimizing circuit to achieve the following default global requirements
    Info: Assuming a global fmax requirement of 1000 MHz
    Info: Not setting a global tsu requirement
    Info: Not setting a global tco requirement
    Info: Not setting a global tpd requirement
Warning: Feature LogicLock is not available with your current license
Info: Promoted cell "wheel" to global signal automatically
Info: Promoted cell "o" to global signal automatically
Info: Started fitting attempt 1 on Sun Jan 06 2019 at 19:54:45
Info: Fitter placement preparation operations beginning
Info: Fitter placement preparation operations ending: elapsed time is 00:00:00
Info: Fitter placement operations beginning
Info: Fitter placement was successful
Info: Design requires the following device routing resources:
    Info: Overall column FastTrack interconnect = 0%
    Info: Overall row FastTrack interconnect = 0%
    Info: Maximum column FastTrack interconnect = 0%
    Info: Maximum row FastTrack interconnect = 1%
Info: Estimated most critical path is register to register delay of 1.795 ns
    Info: 1: + IC(0.000 ns) + CELL(0.139 ns) = 0.139 ns; Loc. = LAB_7_N2; Fanout = 3; REG Node = 'cnt[0]'
    Info: 2: + IC(0.187 ns) + CELL(0.368 ns) = 0.694 ns; Loc. = LAB_7_N2; Fanout = 2; COMB Node = 'Add0~19'
    Info: 3: + IC(0.000 ns) + CELL(0.043 ns) = 0.737 ns; Loc. = LAB_7_N2; Fanout = 2; COMB Node = 'Add0~10'
    Info: 4: + IC(0.000 ns) + CELL(0.043 ns) = 0.780 ns; Loc. = LAB_7_N2; Fanout = 2; COMB Node = 'Add0~1'
    Info: 5: + IC(0.000 ns) + CELL(0.043 ns) = 0.823 ns; Loc. = LAB_7_N2; Fanout = 2; COMB Node = 'Add0~7'
    Info: 6: + IC(0.000 ns) + CELL(0.043 ns) = 0.866 ns; Loc. = LAB_7_N2; Fanout = 2; COMB Node = 'Add0~4'
    Info: 7: + IC(0.000 ns) + CELL(0.043 ns) = 0.909 ns; Loc. = LAB_7_N2; Fanout = 2; COMB Node = 'Add0~16'
    Info: 8: + IC(0.000 ns) + CELL(0.043 ns) = 0.952 ns; Loc. = LAB_7_N2; Fanout = 1; COMB Node = 'Add0~13'
    Info: 9: + IC(0.000 ns) + CELL(0.384 ns) = 1.336 ns; Loc. = LAB_7_N2; Fanout = 1; COMB Node = 'Add0~21'
    Info: 10: + IC(0.187 ns) + CELL(0.272 ns) = 1.795 ns; Loc. = LAB_6_N2; Fanout = 2; REG Node = 'cnt[7]'
    Info: Total cell delay = 1.421 ns ( 79.16 % )
    Info: Total interconnect delay = 0.374 ns ( 20.84 % )
Info: Fitter placement operations ending: elapsed time is 00:00:00
Info: Fitter routing operations beginning
Info: Fitter routing operations ending: elapsed time is 00:00:01
Info: Quartus II Fitter was successful. 0 errors, 2 warnings
    Info: Peak virtual memory: 323 megabytes
    Info: Processing ended: Sun Jan 06 19:54:47 2019
    Info: Elapsed time: 00:00:03
    Info: Total CPU time (on all processors): 00:00:02


