Flow report for DIGIS
Sat Jan 05 22:13:09 2019
Quartus II Version 9.0 Build 235 06/17/2009 Service Pack 2 SJ Web Edition


---------------------
; Table of Contents ;
---------------------
  1. Legal Notice
  2. Flow Summary
  3. Flow Settings
  4. Flow Non-Default Global Settings
  5. Flow Elapsed Time
  6. Flow OS Summary
  7. Flow Log



----------------
; Legal Notice ;
----------------
Copyright (C) 1991-2009 Altera Corporation
Your use of Altera Corporation's design tools, logic functions 
and other software and tools, and its AMPP partner logic 
functions, and any output files from any of the foregoing 
(including device programming or simulation files), and any 
associated documentation or information are expressly subject 
to the terms and conditions of the Altera Program License 
Subscription Agreement, Altera MegaCore Function License 
Agreement, or other applicable license agreement, including, 
without limitation, that your use is for the sole purpose of 
programming logic devices manufactured by Altera and sold by 
Altera or its authorized distributors.  Please refer to the 
applicable agreement for further details.



+------------------------------------------------------------------------+
; Flow Summary                                                           ;
+-------------------------+----------------------------------------------+
; Flow Status             ; Successful - Sat Jan 05 22:13:09 2019        ;
; Quartus II Version      ; 9.0 Build 235 06/17/2009 SP 2 SJ Web Edition ;
; Revision Name           ; DIGIS                                        ;
; Top-level Entity Name   ; decode                                       ;
; Family                  ; ACEX1K                                       ;
; Met timing requirements ; Yes                                          ;
; Total logic elements    ; 13 / 576 ( 2 % )                             ;
; Total pins              ; 12 / 66 ( 18 % )                             ;
; Total memory bits       ; 0 / 12,288 ( 0 % )                           ;
; Total PLLs              ; 0 / 1 ( 0 % )                                ;
; Device                  ; EP1K10TC100-1                                ;
; Timing Models           ; Final                                        ;
+-------------------------+----------------------------------------------+


+-----------------------------------------+
; Flow Settings                           ;
+-------------------+---------------------+
; Option            ; Setting             ;
+-------------------+---------------------+
; Start date & time ; 01/05/2019 22:13:03 ;
; Main task         ; Compilation         ;
; Revision Name     ; DIGIS               ;
+-------------------+---------------------+


+---------------------------------------------------------------------------------------------------------------------+
; Flow Non-Default Global Settings                                                                                    ;
+------------------------------------+---------------------------------+---------------+-------------+----------------+
; Assignment Name                    ; Value                           ; Default Value ; Entity Name ; Section Id     ;
+------------------------------------+---------------------------------+---------------+-------------+----------------+
; COMPILER_SIGNATURE_ID              ; 115410751017408.154669758309980 ; --            ; --          ; --             ;
; TOP_LEVEL_ENTITY                   ; decode                          ; DIGIS         ; --          ; --             ;
; USE_GENERATED_PHYSICAL_CONSTRAINTS ; Off                             ; --            ; --          ; eda_blast_fpga ;
+------------------------------------+---------------------------------+---------------+-------------+----------------+


+-----------------------------------------------------------------------------------------------------------------------------+
; Flow Elapsed Time                                                                                                           ;
+-------------------------+--------------+-------------------------+---------------------+------------------------------------+
; Module Name             ; Elapsed Time ; Average Processors Used ; Peak Virtual Memory ; Total CPU Time (on all processors) ;
+-------------------------+--------------+-------------------------+---------------------+------------------------------------+
; Analysis & Synthesis    ; 00:00:01     ; 1.0                     ; 260 MB              ; 00:00:01                           ;
; Fitter                  ; 00:00:01     ; 1.0                     ; 226 MB              ; 00:00:00                           ;
; Assembler               ; 00:00:01     ; 1.0                     ; 215 MB              ; 00:00:00                           ;
; Classic Timing Analyzer ; 00:00:00     ; 1.0                     ; 185 MB              ; 00:00:00                           ;
; Total                   ; 00:00:03     ; --                      ; --                  ; 00:00:01                           ;
+-------------------------+--------------+-------------------------+---------------------+------------------------------------+


+------------------------------------------------------------------------------------------+
; Flow OS Summary                                                                          ;
+-------------------------+------------------+---------------+------------+----------------+
; Module Name             ; Machine Hostname ; OS Name       ; OS Version ; Processor type ;
+-------------------------+------------------+---------------+------------+----------------+
; Analysis & Synthesis    ; Lenovo-PC        ; Windows Vista ; 6.2        ; x86_64         ;
; Fitter                  ; Lenovo-PC        ; Windows Vista ; 6.2        ; x86_64         ;
; Assembler               ; Lenovo-PC        ; Windows Vista ; 6.2        ; x86_64         ;
; Classic Timing Analyzer ; Lenovo-PC        ; Windows Vista ; 6.2        ; x86_64         ;
+-------------------------+------------------+---------------+------------+----------------+


------------
; Flow Log ;
------------
quartus_map --read_settings_files=on --write_settings_files=off DIGIS -c DIGIS
quartus_fit --read_settings_files=off --write_settings_files=off DIGIS -c DIGIS
quartus_asm --read_settings_files=off --write_settings_files=off DIGIS -c DIGIS
quartus_tan --read_settings_files=off --write_settings_files=off DIGIS -c DIGIS



