Analysis & Synthesis report for BUZZ
Sun Jan 06 22:22:46 2019
Quartus II Version 9.0 Build 235 06/17/2009 Service Pack 2 SJ Web Edition


---------------------
; Table of Contents ;
---------------------
  1. Legal Notice
  2. Analysis & Synthesis Summary
  3. Analysis & Synthesis Settings
  4. Analysis & Synthesis Source Files Read
  5. Analysis & Synthesis Resource Usage Summary
  6. Analysis & Synthesis Resource Utilization by Entity
  7. User-Specified and Inferred Latches
  8. General Register Statistics
  9. Analysis & Synthesis Messages



----------------
; Legal Notice ;
----------------
Copyright (C) 1991-2009 Altera Corporation
Your use of Altera Corporation's design tools, logic functions 
and other software and tools, and its AMPP partner logic 
functions, and any output files from any of the foregoing 
(including device programming or simulation files), and any 
associated documentation or information are expressly subject 
to the terms and conditions of the Altera Program License 
Subscription Agreement, Altera MegaCore Function License 
Agreement, or other applicable license agreement, including, 
without limitation, that your use is for the sole purpose of 
programming logic devices manufactured by Altera and sold by 
Altera or its authorized distributors.  Please refer to the 
applicable agreement for further details.



+----------------------------------------------------------------------------+
; Analysis & Synthesis Summary                                               ;
+-----------------------------+----------------------------------------------+
; Analysis & Synthesis Status ; Successful - Sun Jan 06 22:22:46 2019        ;
; Quartus II Version          ; 9.0 Build 235 06/17/2009 SP 2 SJ Web Edition ;
; Revision Name               ; BUZZ                                         ;
; Top-level Entity Name       ; buzz                                         ;
; Family                      ; APEX II                                      ;
; Total logic elements        ; 16                                           ;
; Total pins                  ; 3                                            ;
; Total virtual pins          ; 0                                            ;
; Total memory bits           ; 0                                            ;
; Total PLLs                  ; 0                                            ;
+-----------------------------+----------------------------------------------+


+---------------------------------------------------------------------------------------------+
; Analysis & Synthesis Settings                                                               ;
+--------------------------------------------------------------+--------------+---------------+
; Option                                                       ; Setting      ; Default Value ;
+--------------------------------------------------------------+--------------+---------------+
; Top-level entity name                                        ; BUZZ         ; BUZZ          ;
; Family name                                                  ; APEX II      ; Stratix II    ;
; Optimization Technique                                       ; Speed        ; Balanced      ;
; Use Generated Physical Constraints File                      ; Off          ;               ;
; Use smart compilation                                        ; Off          ; Off           ;
; Create Debugging Nodes for IP Cores                          ; Off          ; Off           ;
; Preserve fewer node names                                    ; On           ; On            ;
; Disable OpenCore Plus hardware evaluation                    ; Off          ; Off           ;
; Verilog Version                                              ; Verilog_2001 ; Verilog_2001  ;
; VHDL Version                                                 ; VHDL93       ; VHDL93        ;
; State Machine Processing                                     ; Auto         ; Auto          ;
; Safe State Machine                                           ; Off          ; Off           ;
; Extract Verilog State Machines                               ; On           ; On            ;
; Extract VHDL State Machines                                  ; On           ; On            ;
; Ignore Verilog initial constructs                            ; Off          ; Off           ;
; Iteration limit for constant Verilog loops                   ; 5000         ; 5000          ;
; Iteration limit for non-constant Verilog loops               ; 250          ; 250           ;
; Add Pass-Through Logic to Inferred RAMs                      ; On           ; On            ;
; Parallel Synthesis                                           ; Off          ; Off           ;
; NOT Gate Push-Back                                           ; On           ; On            ;
; Power-Up Don't Care                                          ; On           ; On            ;
; Remove Redundant Logic Cells                                 ; Off          ; Off           ;
; Remove Duplicate Registers                                   ; On           ; On            ;
; Ignore CARRY Buffers                                         ; Off          ; Off           ;
; Ignore CASCADE Buffers                                       ; Off          ; Off           ;
; Ignore GLOBAL Buffers                                        ; Off          ; Off           ;
; Ignore ROW GLOBAL Buffers                                    ; Off          ; Off           ;
; Ignore LCELL Buffers                                         ; Off          ; Off           ;
; Ignore SOFT Buffers                                          ; On           ; On            ;
; Limit AHDL Integers to 32 Bits                               ; Off          ; Off           ;
; Auto Implement in ROM                                        ; Off          ; Off           ;
; Technology Mapper                                            ; LUT          ; LUT           ;
; Allow XOR Gate Usage                                         ; On           ; On            ;
; Carry Chain Length                                           ; 48           ; 48            ;
; Cascade Chain Length                                         ; 2            ; 2             ;
; Parallel Expander Chain Length                               ; 16           ; 16            ;
; Auto Carry Chains                                            ; On           ; On            ;
; Auto Parallel Expanders                                      ; On           ; On            ;
; Auto Open-Drain Pins                                         ; On           ; On            ;
; Perform WYSIWYG Primitive Resynthesis                        ; Off          ; Off           ;
; Auto ROM Replacement                                         ; On           ; On            ;
; Auto RAM Replacement                                         ; On           ; On            ;
; Auto Shift Register Replacement                              ; Auto         ; Auto          ;
; Auto Clock Enable Replacement                                ; On           ; On            ;
; Strict RAM Replacement                                       ; Off          ; Off           ;
; Auto Resource Sharing                                        ; Off          ; Off           ;
; Allow Any RAM Size For Recognition                           ; Off          ; Off           ;
; Allow Any ROM Size For Recognition                           ; Off          ; Off           ;
; Allow Any Shift Register Size For Recognition                ; Off          ; Off           ;
; Use LogicLock Constraints during Resource Balancing          ; On           ; On            ;
; Ignore translate_off and synthesis_off directives            ; Off          ; Off           ;
; Show Parameter Settings Tables in Synthesis Report           ; On           ; On            ;
; Ignore Maximum Fan-Out Assignments                           ; Off          ; Off           ;
; Synchronization Register Chain Length                        ; 2            ; 2             ;
; HDL message level                                            ; Level2       ; Level2        ;
; Suppress Register Optimization Related Messages              ; Off          ; Off           ;
; Number of Removed Registers Reported in Synthesis Report     ; 100          ; 100           ;
; Number of Inverted Registers Reported in Synthesis Report    ; 100          ; 100           ;
; Block Design Naming                                          ; Auto         ; Auto          ;
; Synthesis Effort                                             ; Auto         ; Auto          ;
; Shift Register Replacement - Allow Asynchronous Clear Signal ; On           ; On            ;
; Analysis & Synthesis Message Level                           ; Medium       ; Medium        ;
+--------------------------------------------------------------+--------------+---------------+


+-----------------------------------------------------------------------------------------------------+
; Analysis & Synthesis Source Files Read                                                              ;
+----------------------------------+-----------------+-----------------+------------------------------+
; File Name with User-Entered Path ; Used in Netlist ; File Type       ; File Name with Absolute Path ;
+----------------------------------+-----------------+-----------------+------------------------------+
; BUZZ.vhd                         ; yes             ; User VHDL File  ; D:/VHDL/end/buzz/BUZZ.vhd    ;
+----------------------------------+-----------------+-----------------+------------------------------+


+---------------------------------------------+
; Analysis & Synthesis Resource Usage Summary ;
+-----------------------------------+---------+
; Resource                          ; Usage   ;
+-----------------------------------+---------+
; Total logic elements              ; 16      ;
; Total combinational functions     ; 16      ;
;     -- Total 4-input functions    ; 4       ;
;     -- Total 3-input functions    ; 2       ;
;     -- Total 2-input functions    ; 2       ;
;     -- Total 1-input functions    ; 8       ;
;     -- Total 0-input functions    ; 0       ;
; Total registers                   ; 10      ;
; Total logic cells in carry chains ; 9       ;
; I/O pins                          ; 3       ;
; Maximum fan-out node              ; CLK     ;
; Maximum fan-out                   ; 11      ;
; Total fan-out                     ; 72      ;
; Average fan-out                   ; 3.79    ;
+-----------------------------------+---------+


+-----------------------------------------------------------------------------------------------------------------------------------------------------------------------------------------------------------------------+
; Analysis & Synthesis Resource Utilization by Entity                                                                                                                                                                   ;
+----------------------------+-------------+--------------+-------------+------+--------------+--------------+-------------------+------------------+-----------------+------------+---------------------+--------------+
; Compilation Hierarchy Node ; Logic Cells ; LC Registers ; Memory Bits ; Pins ; Virtual Pins ; LUT-Only LCs ; Register-Only LCs ; LUT/Register LCs ; Carry Chain LCs ; Packed LCs ; Full Hierarchy Name ; Library Name ;
+----------------------------+-------------+--------------+-------------+------+--------------+--------------+-------------------+------------------+-----------------+------------+---------------------+--------------+
; |buzz                      ; 16 (16)     ; 10           ; 0           ; 3    ; 0            ; 6 (6)        ; 0 (0)             ; 10 (10)          ; 9 (9)           ; 0 (0)      ; |buzz               ; work         ;
+----------------------------+-------------+--------------+-------------+------+--------------+--------------+-------------------+------------------+-----------------+------------+---------------------+--------------+
Note: For table entries with two numbers listed, the numbers in parentheses indicate the number of resources of the given type used by the specific entity alone. The numbers listed outside of parentheses indicate the total resources of the given type used by the specific entity and all of its sub-entities in the hierarchy.


+---------------------------------------------------------------------------------------------------+
; User-Specified and Inferred Latches                                                               ;
+----------------------------------------------------+---------------------+------------------------+
; Latch Name                                         ; Latch Enable Signal ; Free of Timing Hazards ;
+----------------------------------------------------+---------------------+------------------------+
; sound$latch                                        ; pulse               ; yes                    ;
; Number of user-specified and inferred latches = 1  ;                     ;                        ;
+----------------------------------------------------+---------------------+------------------------+
Note: All latches listed above may not be present at the end of synthesis due to various synthesis optimizations.


+------------------------------------------------------+
; General Register Statistics                          ;
+----------------------------------------------+-------+
; Statistic                                    ; Value ;
+----------------------------------------------+-------+
; Total registers                              ; 10    ;
; Number of registers using Synchronous Clear  ; 0     ;
; Number of registers using Synchronous Load   ; 0     ;
; Number of registers using Asynchronous Clear ; 10    ;
; Number of registers using Asynchronous Load  ; 0     ;
; Number of registers using Clock Enable       ; 9     ;
; Number of registers using Preset             ; 0     ;
+----------------------------------------------+-------+


+-------------------------------+
; Analysis & Synthesis Messages ;
+-------------------------------+
Info: *******************************************************************
Info: Running Quartus II Analysis & Synthesis
    Info: Version 9.0 Build 235 06/17/2009 Service Pack 2 SJ Web Edition
    Info: Processing started: Sun Jan 06 22:22:45 2019
Info: Command: quartus_map --read_settings_files=on --write_settings_files=off BUZZ -c BUZZ
Warning: Product family is not recommended for new designs. Altera's Stratix and Stratix II FPGA families deliver better cost and performance attributes than APEX II devices
Info: Found 2 design units, including 1 entities, in source file BUZZ.vhd
    Info: Found design unit 1: buzz-bhv
    Info: Found entity 1: buzz
Info: Elaborating entity "BUZZ" for the top level hierarchy
Warning (10492): VHDL Process Statement warning at BUZZ.vhd(16): signal "cnt" is read inside the Process Statement but isn't in the Process Statement's sensitivity list
Warning (10492): VHDL Process Statement warning at BUZZ.vhd(19): signal "cnt" is read inside the Process Statement but isn't in the Process Statement's sensitivity list
Warning (10631): VHDL Process Statement warning at BUZZ.vhd(13): inferring latch(es) for signal or variable "sound", which holds its previous value in one or more paths through the process
Info (10041): Inferred latch for "sound" at BUZZ.vhd(13)
Info: Implemented 19 device resources after synthesis - the final resource count might be different
    Info: Implemented 2 input pins
    Info: Implemented 1 output pins
    Info: Implemented 16 logic cells
Info: Quartus II Analysis & Synthesis was successful. 0 errors, 4 warnings
    Info: Peak virtual memory: 268 megabytes
    Info: Processing ended: Sun Jan 06 22:22:46 2019
    Info: Elapsed time: 00:00:01
    Info: Total CPU time (on all processors): 00:00:01


