Flow report for TOBCD
Sun Jan 06 18:22:03 2019
Quartus II Version 9.0 Build 235 06/17/2009 Service Pack 2 SJ Web Edition


---------------------
; Table of Contents ;
---------------------
  1. Legal Notice
  2. Flow Summary
  3. Flow Settings
  4. Flow Non-Default Global Settings
  5. Flow Elapsed Time
  6. Flow OS Summary
  7. Flow Log



----------------
; Legal Notice ;
----------------
Copyright (C) 1991-2009 Altera Corporation
Your use of Altera Corporation's design tools, logic functions 
and other software and tools, and its AMPP partner logic 
functions, and any output files from any of the foregoing 
(including device programming or simulation files), and any 
associated documentation or information are expressly subject 
to the terms and conditions of the Altera Program License 
Subscription Agreement, Altera MegaCore Function License 
Agreement, or other applicable license agreement, including, 
without limitation, that your use is for the sole purpose of 
programming logic devices manufactured by Altera and sold by 
Altera or its authorized distributors.  Please refer to the 
applicable agreement for further details.



+------------------------------------------------------------------------+
; Flow Summary                                                           ;
+-------------------------+----------------------------------------------+
; Flow Status             ; Successful - Sun Jan 06 18:22:03 2019        ;
; Quartus II Version      ; 9.0 Build 235 06/17/2009 SP 2 SJ Web Edition ;
; Revision Name           ; TOBCD                                        ;
; Top-level Entity Name   ; tobcd                                        ;
; Family                  ; APEX II                                      ;
; Met timing requirements ; Yes                                          ;
; Total logic elements    ; 1,525 / 16,640 ( 9 % )                       ;
; Total pins              ; 32 / 492 ( 7 % )                             ;
; Total virtual pins      ; 0                                            ;
; Total memory bits       ; 0 / 425,984 ( 0 % )                          ;
; Total PLLs              ; 0 / 4 ( 0 % )                                ;
; Device                  ; EP2A15B724C7                                 ;
; Timing Models           ; Final                                        ;
+-------------------------+----------------------------------------------+


+-----------------------------------------+
; Flow Settings                           ;
+-------------------+---------------------+
; Option            ; Setting             ;
+-------------------+---------------------+
; Start date & time ; 01/06/2019 18:21:35 ;
; Main task         ; Compilation         ;
; Revision Name     ; TOBCD               ;
+-------------------+---------------------+


+------------------------------------------------------------------------------------------------------------------------------------+
; Flow Non-Default Global Settings                                                                                                   ;
+------------------------------------+---------------------------------+------------------------------+-------------+----------------+
; Assignment Name                    ; Value                           ; Default Value                ; Entity Name ; Section Id     ;
+------------------------------------+---------------------------------+------------------------------+-------------+----------------+
; COMPILER_SIGNATURE_ID              ; 115410751017408.154677009509924 ; --                           ; --          ; --             ;
; INCREMENTAL_COMPILATION            ; Off                             ; FULL_INCREMENTAL_COMPILATION ; --          ; --             ;
; USE_GENERATED_PHYSICAL_CONSTRAINTS ; Off                             ; --                           ; --          ; eda_blast_fpga ;
+------------------------------------+---------------------------------+------------------------------+-------------+----------------+


+-----------------------------------------------------------------------------------------------------------------------------+
; Flow Elapsed Time                                                                                                           ;
+-------------------------+--------------+-------------------------+---------------------+------------------------------------+
; Module Name             ; Elapsed Time ; Average Processors Used ; Peak Virtual Memory ; Total CPU Time (on all processors) ;
+-------------------------+--------------+-------------------------+---------------------+------------------------------------+
; Analysis & Synthesis    ; 00:00:07     ; 1.0                     ; 273 MB              ; 00:00:07                           ;
; Fitter                  ; 00:00:16     ; 1.0                     ; 331 MB              ; 00:00:15                           ;
; Assembler               ; 00:00:01     ; 1.0                     ; 280 MB              ; 00:00:01                           ;
; Classic Timing Analyzer ; 00:00:02     ; 1.0                     ; 261 MB              ; 00:00:01                           ;
; Total                   ; 00:00:26     ; --                      ; --                  ; 00:00:24                           ;
+-------------------------+--------------+-------------------------+---------------------+------------------------------------+


+------------------------------------------------------------------------------------------+
; Flow OS Summary                                                                          ;
+-------------------------+------------------+---------------+------------+----------------+
; Module Name             ; Machine Hostname ; OS Name       ; OS Version ; Processor type ;
+-------------------------+------------------+---------------+------------+----------------+
; Analysis & Synthesis    ; Lenovo-PC        ; Windows Vista ; 6.2        ; x86_64         ;
; Fitter                  ; Lenovo-PC        ; Windows Vista ; 6.2        ; x86_64         ;
; Assembler               ; Lenovo-PC        ; Windows Vista ; 6.2        ; x86_64         ;
; Classic Timing Analyzer ; Lenovo-PC        ; Windows Vista ; 6.2        ; x86_64         ;
+-------------------------+------------------+---------------+------------+----------------+


------------
; Flow Log ;
------------
quartus_map --read_settings_files=on --write_settings_files=off TOBCD -c TOBCD
quartus_fit --read_settings_files=off --write_settings_files=off TOBCD -c TOBCD
quartus_asm --read_settings_files=off --write_settings_files=off TOBCD -c TOBCD
quartus_tan --read_settings_files=off --write_settings_files=off TOBCD -c TOBCD



