Analysis & Synthesis report for H_L_DETECT
Sat Jan 05 14:12:10 2019
Quartus II Version 9.0 Build 235 06/17/2009 Service Pack 2 SJ Web Edition


---------------------
; Table of Contents ;
---------------------
  1. Legal Notice
  2. Analysis & Synthesis Summary
  3. Analysis & Synthesis Settings
  4. Analysis & Synthesis Source Files Read
  5. Analysis & Synthesis Resource Usage Summary
  6. Analysis & Synthesis Resource Utilization by Entity
  7. General Register Statistics
  8. Source assignments for lpm_counter:cnt_rtl_0
  9. Parameter Settings for Inferred Entity Instance: lpm_counter:cnt_rtl_0
 10. Analysis & Synthesis Messages



----------------
; Legal Notice ;
----------------
Copyright (C) 1991-2009 Altera Corporation
Your use of Altera Corporation's design tools, logic functions 
and other software and tools, and its AMPP partner logic 
functions, and any output files from any of the foregoing 
(including device programming or simulation files), and any 
associated documentation or information are expressly subject 
to the terms and conditions of the Altera Program License 
Subscription Agreement, Altera MegaCore Function License 
Agreement, or other applicable license agreement, including, 
without limitation, that your use is for the sole purpose of 
programming logic devices manufactured by Altera and sold by 
Altera or its authorized distributors.  Please refer to the 
applicable agreement for further details.



+----------------------------------------------------------------------------+
; Analysis & Synthesis Summary                                               ;
+-----------------------------+----------------------------------------------+
; Analysis & Synthesis Status ; Successful - Sat Jan 05 14:12:10 2019        ;
; Quartus II Version          ; 9.0 Build 235 06/17/2009 SP 2 SJ Web Edition ;
; Revision Name               ; H_L_DETECT                                   ;
; Top-level Entity Name       ; H_L_DETECT                                   ;
; Family                      ; ACEX1K                                       ;
; Total logic elements        ; 17                                           ;
; Total pins                  ; 4                                            ;
; Total memory bits           ; 0                                            ;
; Total PLLs                  ; 0                                            ;
+-----------------------------+----------------------------------------------+


+---------------------------------------------------------------------------------------------+
; Analysis & Synthesis Settings                                                               ;
+--------------------------------------------------------------+--------------+---------------+
; Option                                                       ; Setting      ; Default Value ;
+--------------------------------------------------------------+--------------+---------------+
; Top-level entity name                                        ; H_L_DETECT   ; H_L_DETECT    ;
; Family name                                                  ; ACEX1K       ; Stratix II    ;
; Use Generated Physical Constraints File                      ; Off          ;               ;
; Use smart compilation                                        ; Off          ; Off           ;
; Create Debugging Nodes for IP Cores                          ; Off          ; Off           ;
; Preserve fewer node names                                    ; On           ; On            ;
; Disable OpenCore Plus hardware evaluation                    ; Off          ; Off           ;
; Verilog Version                                              ; Verilog_2001 ; Verilog_2001  ;
; VHDL Version                                                 ; VHDL93       ; VHDL93        ;
; State Machine Processing                                     ; Auto         ; Auto          ;
; Safe State Machine                                           ; Off          ; Off           ;
; Extract Verilog State Machines                               ; On           ; On            ;
; Extract VHDL State Machines                                  ; On           ; On            ;
; Ignore Verilog initial constructs                            ; Off          ; Off           ;
; Iteration limit for constant Verilog loops                   ; 5000         ; 5000          ;
; Iteration limit for non-constant Verilog loops               ; 250          ; 250           ;
; Add Pass-Through Logic to Inferred RAMs                      ; On           ; On            ;
; Parallel Synthesis                                           ; Off          ; Off           ;
; NOT Gate Push-Back                                           ; On           ; On            ;
; Power-Up Don't Care                                          ; On           ; On            ;
; Remove Redundant Logic Cells                                 ; Off          ; Off           ;
; Remove Duplicate Registers                                   ; On           ; On            ;
; Ignore CARRY Buffers                                         ; Off          ; Off           ;
; Ignore CASCADE Buffers                                       ; Off          ; Off           ;
; Ignore GLOBAL Buffers                                        ; Off          ; Off           ;
; Ignore ROW GLOBAL Buffers                                    ; Off          ; Off           ;
; Ignore LCELL Buffers                                         ; Off          ; Off           ;
; Ignore SOFT Buffers                                          ; On           ; On            ;
; Limit AHDL Integers to 32 Bits                               ; Off          ; Off           ;
; Auto Implement in ROM                                        ; Off          ; Off           ;
; Optimization Technique                                       ; Area         ; Area          ;
; Carry Chain Length                                           ; 32           ; 32            ;
; Cascade Chain Length                                         ; 2            ; 2             ;
; Auto Carry Chains                                            ; On           ; On            ;
; Auto Open-Drain Pins                                         ; On           ; On            ;
; Auto ROM Replacement                                         ; On           ; On            ;
; Auto RAM Replacement                                         ; On           ; On            ;
; Auto Clock Enable Replacement                                ; On           ; On            ;
; Strict RAM Replacement                                       ; Off          ; Off           ;
; Auto Resource Sharing                                        ; Off          ; Off           ;
; Allow Any RAM Size For Recognition                           ; Off          ; Off           ;
; Allow Any ROM Size For Recognition                           ; Off          ; Off           ;
; Use LogicLock Constraints during Resource Balancing          ; On           ; On            ;
; Ignore translate_off and synthesis_off directives            ; Off          ; Off           ;
; Show Parameter Settings Tables in Synthesis Report           ; On           ; On            ;
; HDL message level                                            ; Level2       ; Level2        ;
; Suppress Register Optimization Related Messages              ; Off          ; Off           ;
; Number of Removed Registers Reported in Synthesis Report     ; 100          ; 100           ;
; Number of Inverted Registers Reported in Synthesis Report    ; 100          ; 100           ;
; Block Design Naming                                          ; Auto         ; Auto          ;
; Synthesis Effort                                             ; Auto         ; Auto          ;
; Shift Register Replacement - Allow Asynchronous Clear Signal ; On           ; On            ;
; Analysis & Synthesis Message Level                           ; Medium       ; Medium        ;
+--------------------------------------------------------------+--------------+---------------+


+---------------------------------------------------------------------------------------------------------------------------------------------------------------------------------------------------+
; Analysis & Synthesis Source Files Read                                                                                                                                                            ;
+----------------------------------+-----------------+-----------------+----------------------------------------------------------------------------------------------------------------------------+
; File Name with User-Entered Path ; Used in Netlist ; File Type       ; File Name with Absolute Path                                                                                               ;
+----------------------------------+-----------------+-----------------+----------------------------------------------------------------------------------------------------------------------------+
; H_L_DETECT.vhd                   ; yes             ; User VHDL File  ; D:/VHDL/end/H_L_detect/H_L_DETECT.vhd                                                                                      ;
; lpm_counter.tdf                  ; yes             ; Megafunction    ; d:/vhdl/portableapps/quartus90sp2portable/app/quartus/altera/90sp2/quartus/libraries/megafunctions/lpm_counter.tdf         ;
; lpm_constant.inc                 ; yes             ; Megafunction    ; d:/vhdl/portableapps/quartus90sp2portable/app/quartus/altera/90sp2/quartus/libraries/megafunctions/lpm_constant.inc        ;
; lpm_decode.inc                   ; yes             ; Megafunction    ; d:/vhdl/portableapps/quartus90sp2portable/app/quartus/altera/90sp2/quartus/libraries/megafunctions/lpm_decode.inc          ;
; lpm_add_sub.inc                  ; yes             ; Megafunction    ; d:/vhdl/portableapps/quartus90sp2portable/app/quartus/altera/90sp2/quartus/libraries/megafunctions/lpm_add_sub.inc         ;
; cmpconst.inc                     ; yes             ; Megafunction    ; d:/vhdl/portableapps/quartus90sp2portable/app/quartus/altera/90sp2/quartus/libraries/megafunctions/cmpconst.inc            ;
; lpm_compare.inc                  ; yes             ; Megafunction    ; d:/vhdl/portableapps/quartus90sp2portable/app/quartus/altera/90sp2/quartus/libraries/megafunctions/lpm_compare.inc         ;
; lpm_counter.inc                  ; yes             ; Megafunction    ; d:/vhdl/portableapps/quartus90sp2portable/app/quartus/altera/90sp2/quartus/libraries/megafunctions/lpm_counter.inc         ;
; dffeea.inc                       ; yes             ; Megafunction    ; d:/vhdl/portableapps/quartus90sp2portable/app/quartus/altera/90sp2/quartus/libraries/megafunctions/dffeea.inc              ;
; alt_synch_counter.inc            ; yes             ; Megafunction    ; d:/vhdl/portableapps/quartus90sp2portable/app/quartus/altera/90sp2/quartus/libraries/megafunctions/alt_synch_counter.inc   ;
; alt_synch_counter_f.inc          ; yes             ; Megafunction    ; d:/vhdl/portableapps/quartus90sp2portable/app/quartus/altera/90sp2/quartus/libraries/megafunctions/alt_synch_counter_f.inc ;
; alt_counter_f10ke.inc            ; yes             ; Megafunction    ; d:/vhdl/portableapps/quartus90sp2portable/app/quartus/altera/90sp2/quartus/libraries/megafunctions/alt_counter_f10ke.inc   ;
; alt_counter_stratix.inc          ; yes             ; Megafunction    ; d:/vhdl/portableapps/quartus90sp2portable/app/quartus/altera/90sp2/quartus/libraries/megafunctions/alt_counter_stratix.inc ;
; aglobal90.inc                    ; yes             ; Megafunction    ; d:/vhdl/portableapps/quartus90sp2portable/app/quartus/altera/90sp2/quartus/libraries/megafunctions/aglobal90.inc           ;
; alt_counter_f10ke.tdf            ; yes             ; Megafunction    ; d:/vhdl/portableapps/quartus90sp2portable/app/quartus/altera/90sp2/quartus/libraries/megafunctions/alt_counter_f10ke.tdf   ;
; flex10ke_lcell.inc               ; yes             ; Megafunction    ; d:/vhdl/portableapps/quartus90sp2portable/app/quartus/altera/90sp2/quartus/libraries/megafunctions/flex10ke_lcell.inc      ;
+----------------------------------+-----------------+-----------------+----------------------------------------------------------------------------------------------------------------------------+


+---------------------------------------------+
; Analysis & Synthesis Resource Usage Summary ;
+-----------------------------------+---------+
; Resource                          ; Usage   ;
+-----------------------------------+---------+
; Total logic elements              ; 17      ;
; Total combinational functions     ; 16      ;
;     -- Total 4-input functions    ; 3       ;
;     -- Total 3-input functions    ; 0       ;
;     -- Total 2-input functions    ; 12      ;
;     -- Total 1-input functions    ; 1       ;
;     -- Total 0-input functions    ; 0       ;
; Total registers                   ; 13      ;
; Total logic cells in carry chains ; 10      ;
; I/O pins                          ; 4       ;
; Maximum fan-out node              ; CLK     ;
; Maximum fan-out                   ; 12      ;
; Total fan-out                     ; 62      ;
; Average fan-out                   ; 2.95    ;
+-----------------------------------+---------+


+-----------------------------------------------------------------------------------------------------------------------------------------------------------------------------------------------------------------------------------------------------------------+
; Analysis & Synthesis Resource Utilization by Entity                                                                                                                                                                                                             ;
+----------------------------------------+-------------+--------------+-------------+------+--------------+-------------------+------------------+-----------------+------------+------------------------------------------------------------------+--------------+
; Compilation Hierarchy Node             ; Logic Cells ; LC Registers ; Memory Bits ; Pins ; LUT-Only LCs ; Register-Only LCs ; LUT/Register LCs ; Carry Chain LCs ; Packed LCs ; Full Hierarchy Name                                              ; Library Name ;
+----------------------------------------+-------------+--------------+-------------+------+--------------+-------------------+------------------+-----------------+------------+------------------------------------------------------------------+--------------+
; |H_L_DETECT                            ; 17 (7)      ; 13           ; 0           ; 4    ; 4 (4)        ; 1 (1)             ; 12 (2)           ; 10 (0)          ; 0 (0)      ; |H_L_DETECT                                                      ; work         ;
;    |lpm_counter:cnt_rtl_0|             ; 10 (0)      ; 10           ; 0           ; 0    ; 0 (0)        ; 0 (0)             ; 10 (0)           ; 10 (0)          ; 0 (0)      ; |H_L_DETECT|lpm_counter:cnt_rtl_0                                ; work         ;
;       |alt_counter_f10ke:wysi_counter| ; 10 (10)     ; 10           ; 0           ; 0    ; 0 (0)        ; 0 (0)             ; 10 (10)          ; 10 (10)         ; 0 (0)      ; |H_L_DETECT|lpm_counter:cnt_rtl_0|alt_counter_f10ke:wysi_counter ; work         ;
+----------------------------------------+-------------+--------------+-------------+------+--------------+-------------------+------------------+-----------------+------------+------------------------------------------------------------------+--------------+
Note: For table entries with two numbers listed, the numbers in parentheses indicate the number of resources of the given type used by the specific entity alone. The numbers listed outside of parentheses indicate the total resources of the given type used by the specific entity and all of its sub-entities in the hierarchy.


+------------------------------------------------------+
; General Register Statistics                          ;
+----------------------------------------------+-------+
; Statistic                                    ; Value ;
+----------------------------------------------+-------+
; Total registers                              ; 13    ;
; Number of registers using Synchronous Clear  ; 10    ;
; Number of registers using Synchronous Load   ; 0     ;
; Number of registers using Asynchronous Clear ; 0     ;
; Number of registers using Asynchronous Load  ; 0     ;
; Number of registers using Clock Enable       ; 0     ;
; Number of registers using Preset             ; 0     ;
+----------------------------------------------+-------+


+-----------------------------------------------+
; Source assignments for lpm_counter:cnt_rtl_0  ;
+---------------------------+-------+------+----+
; Assignment                ; Value ; From ; To ;
+---------------------------+-------+------+----+
; SUPPRESS_DA_RULE_INTERNAL ; a101  ; -    ; -  ;
; SUPPRESS_DA_RULE_INTERNAL ; s102  ; -    ; -  ;
; SUPPRESS_DA_RULE_INTERNAL ; s103  ; -    ; -  ;
+---------------------------+-------+------+----+


+------------------------------------------------------------------------+
; Parameter Settings for Inferred Entity Instance: lpm_counter:cnt_rtl_0 ;
+------------------------+-------------------+---------------------------+
; Parameter Name         ; Value             ; Type                      ;
+------------------------+-------------------+---------------------------+
; AUTO_CARRY_CHAINS      ; ON                ; AUTO_CARRY                ;
; IGNORE_CARRY_BUFFERS   ; OFF               ; IGNORE_CARRY              ;
; AUTO_CASCADE_CHAINS    ; ON                ; AUTO_CASCADE              ;
; IGNORE_CASCADE_BUFFERS ; OFF               ; IGNORE_CASCADE            ;
; LPM_WIDTH              ; 10                ; Untyped                   ;
; LPM_DIRECTION          ; UP                ; Untyped                   ;
; LPM_MODULUS            ; 0                 ; Untyped                   ;
; LPM_AVALUE             ; UNUSED            ; Untyped                   ;
; LPM_SVALUE             ; UNUSED            ; Untyped                   ;
; LPM_PORT_UPDOWN        ; PORT_CONNECTIVITY ; Untyped                   ;
; DEVICE_FAMILY          ; ACEX1K            ; Untyped                   ;
; CARRY_CHAIN            ; MANUAL            ; Untyped                   ;
; CARRY_CHAIN_LENGTH     ; 48                ; CARRY_CHAIN_LENGTH        ;
; NOT_GATE_PUSH_BACK     ; ON                ; NOT_GATE_PUSH_BACK        ;
; CARRY_CNT_EN           ; SMART             ; Untyped                   ;
; LABWIDE_SCLR           ; ON                ; Untyped                   ;
; USE_NEW_VERSION        ; TRUE              ; Untyped                   ;
; CBXI_PARAMETER         ; NOTHING           ; Untyped                   ;
+------------------------+-------------------+---------------------------+
Note: In order to hide this table in the UI and the text report file, please set the "Show Parameter Settings Tables in Synthesis Report" option in "Analysis and Synthesis Settings -> More Settings" to "Off".


+-------------------------------+
; Analysis & Synthesis Messages ;
+-------------------------------+
Info: *******************************************************************
Info: Running Quartus II Analysis & Synthesis
    Info: Version 9.0 Build 235 06/17/2009 Service Pack 2 SJ Web Edition
    Info: Processing started: Sat Jan 05 14:12:09 2019
Info: Command: quartus_map --read_settings_files=on --write_settings_files=off H_L_DETECT -c H_L_DETECT
Info: Found 2 design units, including 1 entities, in source file H_L_DETECT.vhd
    Info: Found design unit 1: H_L_DETECT-bhv
    Info: Found entity 1: H_L_DETECT
Info: Elaborating entity "H_L_DETECT" for the top level hierarchy
Warning (10492): VHDL Process Statement warning at H_L_DETECT.vhd(31): signal "enable" is read inside the Process Statement but isn't in the Process Statement's sensitivity list
Warning (10492): VHDL Process Statement warning at H_L_DETECT.vhd(38): signal "clear" is read inside the Process Statement but isn't in the Process Statement's sensitivity list
Info: Inferred 1 megafunctions from design logic
    Info: Inferred lpm_counter megafunction (LPM_WIDTH=10) from the following logic: "cnt[0]~20"
Info: Elaborated megafunction instantiation "lpm_counter:cnt_rtl_0"
Info: Instantiated megafunction "lpm_counter:cnt_rtl_0" with the following parameter:
    Info: Parameter "LPM_WIDTH" = "10"
    Info: Parameter "LPM_DIRECTION" = "UP"
    Info: Parameter "LPM_TYPE" = "LPM_COUNTER"
Info: Elaborated megafunction instantiation "lpm_counter:cnt_rtl_0|alt_counter_f10ke:wysi_counter", which is child of megafunction instantiation "lpm_counter:cnt_rtl_0"
Info: Implemented 21 device resources after synthesis - the final resource count might be different
    Info: Implemented 2 input pins
    Info: Implemented 2 output pins
    Info: Implemented 17 logic cells
Info: Quartus II Analysis & Synthesis was successful. 0 errors, 2 warnings
    Info: Peak virtual memory: 267 megabytes
    Info: Processing ended: Sat Jan 05 14:12:10 2019
    Info: Elapsed time: 00:00:01
    Info: Total CPU time (on all processors): 00:00:01


