Flow report for COM
Sun Mar 10 13:11:52 2019
Quartus II Version 9.0 Build 235 06/17/2009 Service Pack 2 SJ Web Edition


---------------------
; Table of Contents ;
---------------------
  1. Legal Notice
  2. Flow Summary
  3. Flow Settings
  4. Flow Non-Default Global Settings
  5. Flow Elapsed Time
  6. Flow OS Summary
  7. Flow Log



----------------
; Legal Notice ;
----------------
Copyright (C) 1991-2009 Altera Corporation
Your use of Altera Corporation's design tools, logic functions 
and other software and tools, and its AMPP partner logic 
functions, and any output files from any of the foregoing 
(including device programming or simulation files), and any 
associated documentation or information are expressly subject 
to the terms and conditions of the Altera Program License 
Subscription Agreement, Altera MegaCore Function License 
Agreement, or other applicable license agreement, including, 
without limitation, that your use is for the sole purpose of 
programming logic devices manufactured by Altera and sold by 
Altera or its authorized distributors.  Please refer to the 
applicable agreement for further details.



+------------------------------------------------------------------------+
; Flow Summary                                                           ;
+-------------------------+----------------------------------------------+
; Flow Status             ; Successful - Sun Mar 10 13:11:51 2019        ;
; Quartus II Version      ; 9.0 Build 235 06/17/2009 SP 2 SJ Web Edition ;
; Revision Name           ; COM                                          ;
; Top-level Entity Name   ; com                                          ;
; Family                  ; APEX II                                      ;
; Met timing requirements ; No                                           ;
; Total logic elements    ; 2,114 / 16,640 ( 13 % )                      ;
; Total pins              ; 59 / 492 ( 12 % )                            ;
; Total virtual pins      ; 0                                            ;
; Total memory bits       ; 0 / 425,984 ( 0 % )                          ;
; Total PLLs              ; 0 / 4 ( 0 % )                                ;
; Device                  ; EP2A15B724C7                                 ;
; Timing Models           ; Final                                        ;
+-------------------------+----------------------------------------------+


+-----------------------------------------+
; Flow Settings                           ;
+-------------------+---------------------+
; Option            ; Setting             ;
+-------------------+---------------------+
; Start date & time ; 03/10/2019 13:10:56 ;
; Main task         ; Compilation         ;
; Revision Name     ; COM                 ;
+-------------------+---------------------+


+--------------------------------------------------------------------------------------------------------------------------+
; Flow Non-Default Global Settings                                                                                         ;
+------------------------------------+---------------------------------+---------------+-------------+---------------------+
; Assignment Name                    ; Value                           ; Default Value ; Entity Name ; Section Id          ;
+------------------------------------+---------------------------------+---------------+-------------+---------------------+
; APEX20K_OPTIMIZATION_TECHNIQUE     ; Speed                           ; Balanced      ; --          ; --                  ;
; COMPILER_SIGNATURE_ID              ; 115410751017408.155219465603020 ; --            ; --          ; --                  ;
; EDA_OUTPUT_DATA_FORMAT             ; Verilog Hdl                     ; --            ; --          ; eda_simulation      ;
; EDA_OUTPUT_DATA_FORMAT             ; None                            ; --            ; --          ; eda_timing_analysis ;
; EDA_SIMULATION_TOOL                ; Active-HDL (Verilog)            ; <None>        ; --          ; --                  ;
; EDA_TIME_SCALE                     ; 1 ps                            ; --            ; --          ; eda_simulation      ;
; EDA_TIME_SCALE                     ; 1 ps                            ; --            ; --          ; eda_timing_analysis ;
; USE_GENERATED_PHYSICAL_CONSTRAINTS ; Off                             ; --            ; --          ; eda_blast_fpga      ;
+------------------------------------+---------------------------------+---------------+-------------+---------------------+


+-----------------------------------------------------------------------------------------------------------------------------+
; Flow Elapsed Time                                                                                                           ;
+-------------------------+--------------+-------------------------+---------------------+------------------------------------+
; Module Name             ; Elapsed Time ; Average Processors Used ; Peak Virtual Memory ; Total CPU Time (on all processors) ;
+-------------------------+--------------+-------------------------+---------------------+------------------------------------+
; Analysis & Synthesis    ; 00:00:10     ; 1.0                     ; 268 MB              ; 00:00:08                           ;
; Fitter                  ; 00:00:33     ; 1.0                     ; 313 MB              ; 00:00:31                           ;
; Assembler               ; 00:00:02     ; 1.0                     ; 264 MB              ; 00:00:02                           ;
; Classic Timing Analyzer ; 00:00:02     ; 1.0                     ; 246 MB              ; 00:00:02                           ;
; EDA Netlist Writer      ; 00:00:02     ; 1.0                     ; 169 MB              ; 00:00:01                           ;
; Total                   ; 00:00:49     ; --                      ; --                  ; 00:00:44                           ;
+-------------------------+--------------+-------------------------+---------------------+------------------------------------+


+------------------------------------------------------------------------------------------+
; Flow OS Summary                                                                          ;
+-------------------------+------------------+---------------+------------+----------------+
; Module Name             ; Machine Hostname ; OS Name       ; OS Version ; Processor type ;
+-------------------------+------------------+---------------+------------+----------------+
; Analysis & Synthesis    ; Lenovo-PC        ; Windows Vista ; 6.2        ; x86_64         ;
; Fitter                  ; Lenovo-PC        ; Windows Vista ; 6.2        ; x86_64         ;
; Assembler               ; Lenovo-PC        ; Windows Vista ; 6.2        ; x86_64         ;
; Classic Timing Analyzer ; Lenovo-PC        ; Windows Vista ; 6.2        ; x86_64         ;
; EDA Netlist Writer      ; Lenovo-PC        ; Windows Vista ; 6.2        ; x86_64         ;
+-------------------------+------------------+---------------+------------+----------------+


------------
; Flow Log ;
------------
quartus_map --read_settings_files=on --write_settings_files=off COM -c COM
quartus_fit --read_settings_files=off --write_settings_files=off COM -c COM
quartus_asm --read_settings_files=off --write_settings_files=off COM -c COM
quartus_tan --read_settings_files=off --write_settings_files=off COM -c COM
quartus_eda --read_settings_files=off --write_settings_files=off COM -c COM



