Classic Timing Analyzer report for STATE
Mon Jan 07 09:44:08 2019
Quartus II Version 9.0 Build 235 06/17/2009 Service Pack 2 SJ Web Edition


---------------------
; Table of Contents ;
---------------------
  1. Legal Notice
  2. Timing Analyzer Summary
  3. Timing Analyzer Settings
  4. Clock Settings Summary
  5. Parallel Compilation
  6. Clock Setup: 'button'
  7. Clock Setup: 'CLK'
  8. tco
  9. Timing Analyzer Messages



----------------
; Legal Notice ;
----------------
Copyright (C) 1991-2009 Altera Corporation
Your use of Altera Corporation's design tools, logic functions 
and other software and tools, and its AMPP partner logic 
functions, and any output files from any of the foregoing 
(including device programming or simulation files), and any 
associated documentation or information are expressly subject 
to the terms and conditions of the Altera Program License 
Subscription Agreement, Altera MegaCore Function License 
Agreement, or other applicable license agreement, including, 
without limitation, that your use is for the sole purpose of 
programming logic devices manufactured by Altera and sold by 
Altera or its authorized distributors.  Please refer to the 
applicable agreement for further details.



+----------------------------------------------------------------------------------------------------------------------------------------------------------------+
; Timing Analyzer Summary                                                                                                                                        ;
+------------------------------+-------+---------------+------------------------------------------------+--------+--------+------------+----------+--------------+
; Type                         ; Slack ; Required Time ; Actual Time                                    ; From   ; To     ; From Clock ; To Clock ; Failed Paths ;
+------------------------------+-------+---------------+------------------------------------------------+--------+--------+------------+----------+--------------+
; Worst-case tco               ; N/A   ; None          ; 6.700 ns                                       ; c      ; RST    ; CLK        ; --       ; 0            ;
; Clock Setup: 'CLK'           ; N/A   ; None          ; Restricted to 250.00 MHz ( period = 4.000 ns ) ; flag   ; c      ; CLK        ; CLK      ; 0            ;
; Clock Setup: 'button'        ; N/A   ; None          ; Restricted to 250.00 MHz ( period = 4.000 ns ) ; enable ; enable ; button     ; button   ; 0            ;
; Total number of failed paths ;       ;               ;                                                ;        ;        ;            ;          ; 0            ;
+------------------------------+-------+---------------+------------------------------------------------+--------+--------+------------+----------+--------------+


+--------------------------------------------------------------------------------------------------------------------+
; Timing Analyzer Settings                                                                                           ;
+---------------------------------------------------------------------+--------------------+------+----+-------------+
; Option                                                              ; Setting            ; From ; To ; Entity Name ;
+---------------------------------------------------------------------+--------------------+------+----+-------------+
; Device Name                                                         ; EP1K10TC100-1      ;      ;    ;             ;
; Timing Models                                                       ; Final              ;      ;    ;             ;
; Default hold multicycle                                             ; Same as Multicycle ;      ;    ;             ;
; Cut paths between unrelated clock domains                           ; On                 ;      ;    ;             ;
; Cut off read during write signal paths                              ; On                 ;      ;    ;             ;
; Cut off feedback from I/O pins                                      ; On                 ;      ;    ;             ;
; Report Combined Fast/Slow Timing                                    ; Off                ;      ;    ;             ;
; Ignore Clock Settings                                               ; Off                ;      ;    ;             ;
; Analyze latches as synchronous elements                             ; On                 ;      ;    ;             ;
; Enable Recovery/Removal analysis                                    ; Off                ;      ;    ;             ;
; Enable Clock Latency                                                ; Off                ;      ;    ;             ;
; Use TimeQuest Timing Analyzer                                       ; Off                ;      ;    ;             ;
; Number of source nodes to report per destination node               ; 10                 ;      ;    ;             ;
; Number of destination nodes to report                               ; 10                 ;      ;    ;             ;
; Number of paths to report                                           ; 200                ;      ;    ;             ;
; Report Minimum Timing Checks                                        ; Off                ;      ;    ;             ;
; Use Fast Timing Models                                              ; Off                ;      ;    ;             ;
; Report IO Paths Separately                                          ; Off                ;      ;    ;             ;
; Perform Multicorner Analysis                                        ; Off                ;      ;    ;             ;
; Reports the worst-case path for each clock domain and analysis      ; Off                ;      ;    ;             ;
; Removes common clock path pessimism (CCPP) during slack computation ; Off                ;      ;    ;             ;
; Output I/O Timing Endpoint                                          ; Near End           ;      ;    ;             ;
+---------------------------------------------------------------------+--------------------+------+----+-------------+


+------------------------------------------------------------------------------------------------------------------------------------------------------------------------------------+
; Clock Settings Summary                                                                                                                                                             ;
+-----------------+--------------------+----------+------------------+---------------+--------------+----------+-----------------------+---------------------+--------+--------------+
; Clock Node Name ; Clock Setting Name ; Type     ; Fmax Requirement ; Early Latency ; Late Latency ; Based on ; Multiply Base Fmax by ; Divide Base Fmax by ; Offset ; Phase offset ;
+-----------------+--------------------+----------+------------------+---------------+--------------+----------+-----------------------+---------------------+--------+--------------+
; button          ;                    ; User Pin ; None             ; 0.000 ns      ; 0.000 ns     ; --       ; N/A                   ; N/A                 ; N/A    ;              ;
; CLK             ;                    ; User Pin ; None             ; 0.000 ns      ; 0.000 ns     ; --       ; N/A                   ; N/A                 ; N/A    ;              ;
+-----------------+--------------------+----------+------------------+---------------+--------------+----------+-----------------------+---------------------+--------+--------------+


Parallel compilation was disabled, but you have multiple processors available. Enable parallel compilation to reduce compilation time.
+-------------------------------------+
; Parallel Compilation                ;
+----------------------------+--------+
; Processors                 ; Number ;
+----------------------------+--------+
; Number detected on machine ; 2      ;
; Maximum allowed            ; 1      ;
+----------------------------+--------+


+--------------------------------------------------------------------------------------------------------------------------------------------------------------------------------------+
; Clock Setup: 'button'                                                                                                                                                                ;
+-------+------------------------------------------------+--------+--------+------------+----------+-----------------------------+---------------------------+-------------------------+
; Slack ; Actual fmax (period)                           ; From   ; To     ; From Clock ; To Clock ; Required Setup Relationship ; Required Longest P2P Time ; Actual Longest P2P Time ;
+-------+------------------------------------------------+--------+--------+------------+----------+-----------------------------+---------------------------+-------------------------+
; N/A   ; Restricted to 250.00 MHz ( period = 4.000 ns ) ; enable ; enable ; button     ; button   ; None                        ; None                      ; 0.500 ns                ;
+-------+------------------------------------------------+--------+--------+------------+----------+-----------------------------+---------------------------+-------------------------+


+--------------------------------------------------------------------------------------------------------------------------------------------------------------------------------+
; Clock Setup: 'CLK'                                                                                                                                                             ;
+-------+------------------------------------------------+------+----+------------+----------+-----------------------------+---------------------------+-------------------------+
; Slack ; Actual fmax (period)                           ; From ; To ; From Clock ; To Clock ; Required Setup Relationship ; Required Longest P2P Time ; Actual Longest P2P Time ;
+-------+------------------------------------------------+------+----+------------+----------+-----------------------------+---------------------------+-------------------------+
; N/A   ; Restricted to 250.00 MHz ( period = 4.000 ns ) ; flag ; c  ; CLK        ; CLK      ; None                        ; None                      ; 1.600 ns                ;
+-------+------------------------------------------------+------+----+------------+----------+-----------------------------+---------------------------+-------------------------+


+---------------------------------------------------------------+
; tco                                                           ;
+-------+--------------+------------+--------+-----+------------+
; Slack ; Required tco ; Actual tco ; From   ; To  ; From Clock ;
+-------+--------------+------------+--------+-----+------------+
; N/A   ; None         ; 6.700 ns   ; c      ; RST ; CLK        ;
; N/A   ; None         ; 5.700 ns   ; enable ; EN  ; button     ;
+-------+--------------+------------+--------+-----+------------+


+--------------------------+
; Timing Analyzer Messages ;
+--------------------------+
Info: *******************************************************************
Info: Running Quartus II Classic Timing Analyzer
    Info: Version 9.0 Build 235 06/17/2009 Service Pack 2 SJ Web Edition
    Info: Processing started: Mon Jan 07 09:44:08 2019
Info: Command: quartus_tan --read_settings_files=off --write_settings_files=off STATE -c STATE
Info: Started post-fitting delay annotation
Info: Delay annotation completed successfully
Warning: Found pins functioning as undefined clocks and/or memory enables
    Info: Assuming node "button" is an undefined clock
    Info: Assuming node "CLK" is an undefined clock
Info: Clock "button" Internal fmax is restricted to 250.0 MHz between source register "enable" and destination register "enable"
    Info: fmax restricted to Clock High delay (2.0 ns) plus Clock Low delay (2.0 ns) : restricted to 4.0 ns. Expand message to see actual delay path.
        Info: + Longest register to register delay is 0.500 ns
            Info: 1: + IC(0.000 ns) + CELL(0.000 ns) = 0.000 ns; Loc. = LC2_C8; Fanout = 4; REG Node = 'enable'
            Info: 2: + IC(0.100 ns) + CELL(0.400 ns) = 0.500 ns; Loc. = LC2_C8; Fanout = 4; REG Node = 'enable'
            Info: Total cell delay = 0.400 ns ( 80.00 % )
            Info: Total interconnect delay = 0.100 ns ( 20.00 % )
        Info: - Smallest clock skew is 0.000 ns
            Info: + Shortest clock path from clock "button" to destination register is 1.500 ns
                Info: 1: + IC(0.000 ns) + CELL(1.300 ns) = 1.300 ns; Loc. = PIN_90; Fanout = 1; CLK Node = 'button'
                Info: 2: + IC(0.200 ns) + CELL(0.000 ns) = 1.500 ns; Loc. = LC2_C8; Fanout = 4; REG Node = 'enable'
                Info: Total cell delay = 1.300 ns ( 86.67 % )
                Info: Total interconnect delay = 0.200 ns ( 13.33 % )
            Info: - Longest clock path from clock "button" to source register is 1.500 ns
                Info: 1: + IC(0.000 ns) + CELL(1.300 ns) = 1.300 ns; Loc. = PIN_90; Fanout = 1; CLK Node = 'button'
                Info: 2: + IC(0.200 ns) + CELL(0.000 ns) = 1.500 ns; Loc. = LC2_C8; Fanout = 4; REG Node = 'enable'
                Info: Total cell delay = 1.300 ns ( 86.67 % )
                Info: Total interconnect delay = 0.200 ns ( 13.33 % )
        Info: + Micro clock to output delay of source is 0.300 ns
        Info: + Micro setup delay of destination is 0.400 ns
Info: Clock "CLK" Internal fmax is restricted to 250.0 MHz between source register "flag" and destination register "c"
    Info: fmax restricted to Clock High delay (2.0 ns) plus Clock Low delay (2.0 ns) : restricted to 4.0 ns. Expand message to see actual delay path.
        Info: + Longest register to register delay is 1.600 ns
            Info: 1: + IC(0.000 ns) + CELL(0.000 ns) = 0.000 ns; Loc. = LC3_C8; Fanout = 1; REG Node = 'flag'
            Info: 2: + IC(0.100 ns) + CELL(0.800 ns) = 0.900 ns; Loc. = LC4_C8; Fanout = 1; COMB Node = 'process_0~1'
            Info: 3: + IC(0.100 ns) + CELL(0.600 ns) = 1.600 ns; Loc. = LC1_C8; Fanout = 2; REG Node = 'c'
            Info: Total cell delay = 1.400 ns ( 87.50 % )
            Info: Total interconnect delay = 0.200 ns ( 12.50 % )
        Info: - Smallest clock skew is 0.000 ns
            Info: + Shortest clock path from clock "CLK" to destination register is 1.500 ns
                Info: 1: + IC(0.000 ns) + CELL(1.300 ns) = 1.300 ns; Loc. = PIN_39; Fanout = 2; CLK Node = 'CLK'
                Info: 2: + IC(0.200 ns) + CELL(0.000 ns) = 1.500 ns; Loc. = LC1_C8; Fanout = 2; REG Node = 'c'
                Info: Total cell delay = 1.300 ns ( 86.67 % )
                Info: Total interconnect delay = 0.200 ns ( 13.33 % )
            Info: - Longest clock path from clock "CLK" to source register is 1.500 ns
                Info: 1: + IC(0.000 ns) + CELL(1.300 ns) = 1.300 ns; Loc. = PIN_39; Fanout = 2; CLK Node = 'CLK'
                Info: 2: + IC(0.200 ns) + CELL(0.000 ns) = 1.500 ns; Loc. = LC3_C8; Fanout = 1; REG Node = 'flag'
                Info: Total cell delay = 1.300 ns ( 86.67 % )
                Info: Total interconnect delay = 0.200 ns ( 13.33 % )
        Info: + Micro clock to output delay of source is 0.300 ns
        Info: + Micro setup delay of destination is 0.400 ns
Info: tco from clock "CLK" to destination pin "RST" through register "c" is 6.700 ns
    Info: + Longest clock path from clock "CLK" to source register is 1.500 ns
        Info: 1: + IC(0.000 ns) + CELL(1.300 ns) = 1.300 ns; Loc. = PIN_39; Fanout = 2; CLK Node = 'CLK'
        Info: 2: + IC(0.200 ns) + CELL(0.000 ns) = 1.500 ns; Loc. = LC1_C8; Fanout = 2; REG Node = 'c'
        Info: Total cell delay = 1.300 ns ( 86.67 % )
        Info: Total interconnect delay = 0.200 ns ( 13.33 % )
    Info: + Micro clock to output delay of source is 0.300 ns
    Info: + Longest register to pin delay is 4.900 ns
        Info: 1: + IC(0.000 ns) + CELL(0.000 ns) = 0.000 ns; Loc. = LC1_C8; Fanout = 2; REG Node = 'c'
        Info: 2: + IC(1.100 ns) + CELL(3.800 ns) = 4.900 ns; Loc. = PIN_19; Fanout = 0; PIN Node = 'RST'
        Info: Total cell delay = 3.800 ns ( 77.55 % )
        Info: Total interconnect delay = 1.100 ns ( 22.45 % )
Info: Quartus II Classic Timing Analyzer was successful. 0 errors, 1 warning
    Info: Peak virtual memory: 199 megabytes
    Info: Processing ended: Mon Jan 07 09:44:08 2019
    Info: Elapsed time: 00:00:00
    Info: Total CPU time (on all processors): 00:00:00


